Vivado Simulator 2018.2
Copyright 1986-1999, 2001-2018 Xilinx, Inc. All Rights Reserved.
Running: /home/tibo36/Vivado/Vivado/2018.2/bin/unwrapped/lnx64.o/xelab -wto b2b23aa9cb164b759cd59a646aa9a2c4 --incr --debug typical --relax --mt 8 -L xil_defaultlib -L unisims_ver -L unimacro_ver -L secureip -L xpm --snapshot masterbench_behav xil_defaultlib.masterbench xil_defaultlib.glbl -log elaborate.log 
Using 8 slave threads.
Starting static elaboration
WARNING: [VRFC 10-2065] size mismatch between entity and component port [/home/tibo36/Documents/Info-SI/Master/M1S1/AEO/TP_10.1/TP_10.1.srcs/sim_1/imports/nexys3V6_vhdl/Master_tb.vhd:38]
WARNING: [VRFC 10-2065] size mismatch between entity and component port [/home/tibo36/Documents/Info-SI/Master/M1S1/AEO/TP_10.1/TP_10.1.srcs/sim_1/imports/nexys3V6_vhdl/Master_tb.vhd:38]
Completed static elaboration
Starting simulation data flow analysis
Completed simulation data flow analysis
Time Resolution for simulation is 1ps
Compiling package std.standard
Compiling package std.textio
Compiling package ieee.std_logic_1164
Compiling package ieee.std_logic_arith
Compiling package ieee.std_logic_unsigned
Compiling package xil_defaultlib.ipcodes
Compiling package ieee.numeric_std
Compiling package unisim.vcomponents
Compiling package ieee.std_logic_signed
Compiling package xil_defaultlib.opcodes
Compiling package ieee.vital_timing
Compiling package ieee.vital_primitives
Compiling package unisim.vpkg
Compiling module xil_defaultlib.glbl
Compiling architecture behavioral of entity xil_defaultlib.IP_Led [\IP_Led(mycode="00000000011")\]
Compiling architecture behavioral of entity xil_defaultlib.IP_switch [\IP_switch(mycode="00000000100")...]
Compiling architecture behavioral of entity xil_defaultlib.IP_BufO [\IP_BufO(mycode="00000000010")\]
Compiling architecture behavioral of entity xil_defaultlib.pulse [pulse_default]
Compiling architecture reg1c of entity xil_defaultlib.reg1c [\reg1c(n=5)\]
Compiling architecture fsm of entity xil_defaultlib.IP_waitbt [\IP_waitbt(mycode="10000000010")...]
Compiling architecture behavioral of entity xil_defaultlib.fibogen [fibogen_default]
Compiling architecture fibo of entity xil_defaultlib.IP_fibo [ip_fibo_default]
Compiling architecture gnd_v of entity unisim.GND [gnd_default]
Compiling architecture fdre_v of entity unisim.FDRE [fdre_default]
Compiling architecture ram256x1s_v of entity unisim.RAM256X1S [ram256x1s_default]
Compiling architecture lut3_v of entity unisim.LUT3 [\LUT3(init="00000010")(0,7)\]
Compiling architecture lut3_v of entity unisim.LUT3 [\LUT3(init="01000000")(0,7)\]
Compiling architecture lut3_v of entity unisim.LUT3 [\LUT3(init="10000000")(0,7)\]
Compiling architecture lut6_v of entity unisim.LUT6 [\LUT6(init="10101111101000001100...]
Compiling architecture structure of entity xil_defaultlib.my_ram_spram [my_ram_spram_default]
Compiling architecture structure of entity xil_defaultlib.my_ram_dist_mem_gen_v8_0_12_synth [my_ram_dist_mem_gen_v8_0_12_synt...]
Compiling architecture structure of entity xil_defaultlib.my_ram_dist_mem_gen_v8_0_12 [my_ram_dist_mem_gen_v8_0_12_defa...]
Compiling architecture structure of entity xil_defaultlib.my_ram [my_ram_default]
Compiling architecture behavioral of entity xil_defaultlib.IP_ram [\IP_ram(mycode="0000101000")\]
Compiling architecture behavioral of entity xil_defaultlib.mux2x32 [mux2x32_default]
Compiling architecture behavioral of entity xil_defaultlib.QDE_1 [qde_1_default]
Compiling architecture d4_16_v of entity xil_defaultlib.D4_16 [d4_16_default]
Compiling architecture behavioral of entity xil_defaultlib.regfile [regfile_default]
Compiling architecture behavioral of entity xil_defaultlib.IP_regfile [\IP_regfile(mycode="0000100")\]
Compiling architecture myfunit of entity xil_defaultlib.IP_Funit [\IP_Funit(mycode="000001")\]
Compiling architecture behavioral of entity xil_defaultlib.IP_stack [\IP_stack(mycode="00000001")\]
Compiling architecture reg0c of entity xil_defaultlib.reg0c [reg0c_default]
Compiling architecture behavioral of entity xil_defaultlib.dstack [dstack_default]
Compiling architecture behavioral of entity xil_defaultlib.IP_datastack [\IP_datastack(mycode="0000000011...]
Compiling architecture reg1c of entity xil_defaultlib.reg1c [reg1c_default]
Compiling architecture behavioral of entity xil_defaultlib.IP_Tic [\IP_Tic(mycode="00000000001")\]
Compiling architecture behavioral of entity xil_defaultlib.random [random_default]
Compiling architecture behavioral of entity xil_defaultlib.IP_Rdm [ip_rdm_default]
Compiling architecture lut2_v of entity unisim.LUT2 [\LUT2(init="1000")(0,3)\]
Compiling architecture carry4_v of entity unisim.CARRY4 [carry4_default]
Compiling architecture lut4_v of entity unisim.LUT4 [\LUT4(init="0111100010001000")(0...]
Compiling architecture lut2_v of entity unisim.LUT2 [\LUT2(init="0110")(0,3)\]
Compiling architecture structure of entity xil_defaultlib.multiply_luts [multiply_luts_default]
Compiling architecture structure of entity xil_defaultlib.multiply_mult_gen_v12_0_14_viv [multiply_mult_gen_v12_0_14_viv_d...]
Compiling architecture structure of entity xil_defaultlib.multiply_mult_gen_v12_0_14 [multiply_mult_gen_v12_0_14_defau...]
Compiling architecture structure of entity xil_defaultlib.multiply [multiply_default]
Compiling architecture behavioral of entity xil_defaultlib.IP_mul16 [\IP_mul16(mycode="00000010100")\]
Compiling architecture behavioral of entity xil_defaultlib.mem_bank_1bit [mem_bank_1bit_default]
Compiling architecture behavioral of entity xil_defaultlib.Inst_mem [inst_mem_default]
Compiling architecture behavioral of entity xil_defaultlib.add_gen [add_gen_default]
Compiling architecture behavioral of entity xil_defaultlib.reset_mem [reset_mem_default]
Compiling architecture behavioral of entity xil_defaultlib.constant32 [constant32_default]
Compiling architecture behavioral of entity xil_defaultlib.Mux4 [mux4_default]
Compiling architecture behavioral of entity xil_defaultlib.Mux2 [mux2_default]
Compiling architecture behavioral of entity xil_defaultlib.predicat [predicat_default]
Compiling architecture rtl of entity xil_defaultlib.Ram8 [ram8_default]
Compiling architecture qde of entity xil_defaultlib.QDE [qde_default]
Compiling architecture behavioral of entity xil_defaultlib.select_in [select_in_default]
Compiling architecture behavioral of entity xil_defaultlib.select_out [select_out_default]
Compiling architecture behavioral of entity xil_defaultlib.next_count [next_count_default]
Compiling architecture behavioral of entity xil_defaultlib.Hstack [hstack_default]
Compiling architecture behavioral of entity xil_defaultlib.rstack [rstack_default]
Compiling architecture behavioral of entity xil_defaultlib.HCU [hcu_default]
Compiling architecture reg0 of entity xil_defaultlib.reg0 [reg0_default]
Compiling architecture reg0 of entity xil_defaultlib.reg0 [\reg0(n=16)\]
Compiling architecture reg0c of entity xil_defaultlib.reg0c [\reg0c(n=16)\]
Compiling architecture behavioral of entity xil_defaultlib.HMaster [hmaster_default]
Compiling architecture behavior of entity xil_defaultlib.masterbench
Built simulation snapshot masterbench_behav
