
*** Running vivado
    with args -log calc.vds -m64 -product Vivado -mode batch -messageDb vivado.pb -notrace -source calc.tcl


****** Vivado v2018.2 (64-bit)
  **** SW Build 2258646 on Thu Jun 14 20:02:38 MDT 2018
  **** IP Build 2256618 on Thu Jun 14 22:10:49 MDT 2018
    ** Copyright 1986-2018 Xilinx, Inc. All Rights Reserved.

source calc.tcl -notrace
Command: synth_design -top calc -part xc7a35tcpg236-1
Starting synth_design
Attempting to get a license for feature 'Synthesis' and/or device 'xc7a35t'
INFO: [Common 17-349] Got license for feature 'Synthesis' and/or device 'xc7a35t'
INFO: Launching helper process for spawning children vivado processes
INFO: Helper process launched with PID 8230 
---------------------------------------------------------------------------------
Starting RTL Elaboration : Time (s): cpu = 00:00:02 ; elapsed = 00:00:03 . Memory (MB): peak = 1275.277 ; gain = 86.844 ; free physical = 3081 ; free virtual = 13219
---------------------------------------------------------------------------------
INFO: [Synth 8-638] synthesizing module 'calc' [/home/tibo36/Documents/Info-SI/Master/M1S1/AEO/TP_3_q1/TP_3_q1.srcs/sources_1/imports/sources_1/imports/sources_1/new/calc.vhd:48]
INFO: [Synth 8-3491] module 'add4' declared at '/home/tibo36/Documents/Info-SI/Master/M1S1/AEO/TP_3_q1/TP_3_q1.srcs/sources_1/imports/sources_1/imports/sources_1/imports/new/add4.vhd:35' bound to instance 'inst_add4' of component 'add4' [/home/tibo36/Documents/Info-SI/Master/M1S1/AEO/TP_3_q1/TP_3_q1.srcs/sources_1/imports/sources_1/imports/sources_1/new/calc.vhd:133]
INFO: [Synth 8-638] synthesizing module 'add4' [/home/tibo36/Documents/Info-SI/Master/M1S1/AEO/TP_3_q1/TP_3_q1.srcs/sources_1/imports/sources_1/imports/sources_1/imports/new/add4.vhd:41]
INFO: [Synth 8-256] done synthesizing module 'add4' (1#1) [/home/tibo36/Documents/Info-SI/Master/M1S1/AEO/TP_3_q1/TP_3_q1.srcs/sources_1/imports/sources_1/imports/sources_1/imports/new/add4.vhd:41]
INFO: [Synth 8-3491] module 'and4' declared at '/home/tibo36/Documents/Info-SI/Master/M1S1/AEO/TP_3_q1/TP_3_q1.srcs/sources_1/imports/sources_1/new/and4.vhd:34' bound to instance 'Inst_and4' of component 'and4' [/home/tibo36/Documents/Info-SI/Master/M1S1/AEO/TP_3_q1/TP_3_q1.srcs/sources_1/imports/sources_1/imports/sources_1/new/calc.vhd:134]
INFO: [Synth 8-638] synthesizing module 'xil_defaultlib_and4' [/home/tibo36/Documents/Info-SI/Master/M1S1/AEO/TP_3_q1/TP_3_q1.srcs/sources_1/imports/sources_1/new/and4.vhd:40]
INFO: [Synth 8-256] done synthesizing module 'xil_defaultlib_and4' (2#1) [/home/tibo36/Documents/Info-SI/Master/M1S1/AEO/TP_3_q1/TP_3_q1.srcs/sources_1/imports/sources_1/new/and4.vhd:40]
INFO: [Synth 8-3491] module 'or4' declared at '/home/tibo36/Documents/Info-SI/Master/M1S1/AEO/TP_3_q1/TP_3_q1.srcs/sources_1/imports/sources_1/new/or4.vhd:34' bound to instance 'Inst_or4' of component 'or4' [/home/tibo36/Documents/Info-SI/Master/M1S1/AEO/TP_3_q1/TP_3_q1.srcs/sources_1/imports/sources_1/imports/sources_1/new/calc.vhd:135]
INFO: [Synth 8-638] synthesizing module 'xil_defaultlib_or4' [/home/tibo36/Documents/Info-SI/Master/M1S1/AEO/TP_3_q1/TP_3_q1.srcs/sources_1/imports/sources_1/new/or4.vhd:40]
INFO: [Synth 8-256] done synthesizing module 'xil_defaultlib_or4' (3#1) [/home/tibo36/Documents/Info-SI/Master/M1S1/AEO/TP_3_q1/TP_3_q1.srcs/sources_1/imports/sources_1/new/or4.vhd:40]
INFO: [Synth 8-3491] module 'xor4' declared at '/home/tibo36/Documents/Info-SI/Master/M1S1/AEO/TP_3_q1/TP_3_q1.srcs/sources_1/imports/sources_1/new/xor4.vhd:34' bound to instance 'Inst_xor4' of component 'xor4' [/home/tibo36/Documents/Info-SI/Master/M1S1/AEO/TP_3_q1/TP_3_q1.srcs/sources_1/imports/sources_1/imports/sources_1/new/calc.vhd:136]
INFO: [Synth 8-638] synthesizing module 'xil_defaultlib_xor4' [/home/tibo36/Documents/Info-SI/Master/M1S1/AEO/TP_3_q1/TP_3_q1.srcs/sources_1/imports/sources_1/new/xor4.vhd:40]
INFO: [Synth 8-256] done synthesizing module 'xil_defaultlib_xor4' (4#1) [/home/tibo36/Documents/Info-SI/Master/M1S1/AEO/TP_3_q1/TP_3_q1.srcs/sources_1/imports/sources_1/new/xor4.vhd:40]
INFO: [Synth 8-3491] module 'comp4' declared at '/home/tibo36/Documents/Info-SI/Master/M1S1/AEO/TP_3_q1/TP_3_q1.srcs/sources_1/new/comp4.vhd:34' bound to instance 'Inst_comp4' of component 'comp4' [/home/tibo36/Documents/Info-SI/Master/M1S1/AEO/TP_3_q1/TP_3_q1.srcs/sources_1/imports/sources_1/imports/sources_1/new/calc.vhd:137]
INFO: [Synth 8-638] synthesizing module 'comp4' [/home/tibo36/Documents/Info-SI/Master/M1S1/AEO/TP_3_q1/TP_3_q1.srcs/sources_1/new/comp4.vhd:40]
INFO: [Synth 8-256] done synthesizing module 'comp4' (5#1) [/home/tibo36/Documents/Info-SI/Master/M1S1/AEO/TP_3_q1/TP_3_q1.srcs/sources_1/new/comp4.vhd:40]
INFO: [Synth 8-3491] module 'par4' declared at '/home/tibo36/Documents/Info-SI/Master/M1S1/AEO/TP_3_q1/TP_3_q1.srcs/sources_1/new/par4.vhd:34' bound to instance 'Inst_par4' of component 'par4' [/home/tibo36/Documents/Info-SI/Master/M1S1/AEO/TP_3_q1/TP_3_q1.srcs/sources_1/imports/sources_1/imports/sources_1/new/calc.vhd:138]
INFO: [Synth 8-638] synthesizing module 'par4' [/home/tibo36/Documents/Info-SI/Master/M1S1/AEO/TP_3_q1/TP_3_q1.srcs/sources_1/new/par4.vhd:40]
INFO: [Synth 8-256] done synthesizing module 'par4' (6#1) [/home/tibo36/Documents/Info-SI/Master/M1S1/AEO/TP_3_q1/TP_3_q1.srcs/sources_1/new/par4.vhd:40]
INFO: [Synth 8-3491] module 'count4' declared at '/home/tibo36/Documents/Info-SI/Master/M1S1/AEO/TP_3_q1/TP_3_q1.srcs/sources_1/new/count4.vhd:36' bound to instance 'Inst_count4' of component 'count4' [/home/tibo36/Documents/Info-SI/Master/M1S1/AEO/TP_3_q1/TP_3_q1.srcs/sources_1/imports/sources_1/imports/sources_1/new/calc.vhd:139]
INFO: [Synth 8-638] synthesizing module 'count4' [/home/tibo36/Documents/Info-SI/Master/M1S1/AEO/TP_3_q1/TP_3_q1.srcs/sources_1/new/count4.vhd:42]
INFO: [Synth 8-256] done synthesizing module 'count4' (7#1) [/home/tibo36/Documents/Info-SI/Master/M1S1/AEO/TP_3_q1/TP_3_q1.srcs/sources_1/new/count4.vhd:42]
INFO: [Synth 8-3491] module 'x7seg' declared at '/home/tibo36/Documents/Info-SI/Master/M1S1/AEO/TP_3_q1/TP_3_q1.srcs/sources_1/imports/sources_1/imports/sources_1/new/x7seg.vhd:34' bound to instance 'inst_x7seg' of component 'x7seg' [/home/tibo36/Documents/Info-SI/Master/M1S1/AEO/TP_3_q1/TP_3_q1.srcs/sources_1/imports/sources_1/imports/sources_1/new/calc.vhd:140]
INFO: [Synth 8-638] synthesizing module 'x7seg' [/home/tibo36/Documents/Info-SI/Master/M1S1/AEO/TP_3_q1/TP_3_q1.srcs/sources_1/imports/sources_1/imports/sources_1/new/x7seg.vhd:39]
INFO: [Synth 8-256] done synthesizing module 'x7seg' (8#1) [/home/tibo36/Documents/Info-SI/Master/M1S1/AEO/TP_3_q1/TP_3_q1.srcs/sources_1/imports/sources_1/imports/sources_1/new/x7seg.vhd:39]
INFO: [Synth 8-256] done synthesizing module 'calc' (9#1) [/home/tibo36/Documents/Info-SI/Master/M1S1/AEO/TP_3_q1/TP_3_q1.srcs/sources_1/imports/sources_1/imports/sources_1/new/calc.vhd:48]
WARNING: [Synth 8-3917] design calc has port an[3] driven by constant 1
WARNING: [Synth 8-3917] design calc has port an[2] driven by constant 1
WARNING: [Synth 8-3917] design calc has port an[1] driven by constant 1
WARNING: [Synth 8-3917] design calc has port an[0] driven by constant 0
WARNING: [Synth 8-3331] design calc has unconnected port led[15]
WARNING: [Synth 8-3331] design calc has unconnected port led[14]
WARNING: [Synth 8-3331] design calc has unconnected port led[13]
WARNING: [Synth 8-3331] design calc has unconnected port led[12]
WARNING: [Synth 8-3331] design calc has unconnected port led[11]
WARNING: [Synth 8-3331] design calc has unconnected port led[10]
WARNING: [Synth 8-3331] design calc has unconnected port led[9]
WARNING: [Synth 8-3331] design calc has unconnected port led[8]
WARNING: [Synth 8-3331] design calc has unconnected port led[7]
WARNING: [Synth 8-3331] design calc has unconnected port led[6]
WARNING: [Synth 8-3331] design calc has unconnected port led[5]
WARNING: [Synth 8-3331] design calc has unconnected port sw[11]
WARNING: [Synth 8-3331] design calc has unconnected port sw[10]
WARNING: [Synth 8-3331] design calc has unconnected port sw[9]
WARNING: [Synth 8-3331] design calc has unconnected port sw[8]
WARNING: [Synth 8-3331] design calc has unconnected port sw[7]
WARNING: [Synth 8-3331] design calc has unconnected port sw[6]
WARNING: [Synth 8-3331] design calc has unconnected port sw[5]
WARNING: [Synth 8-3331] design calc has unconnected port sw[4]
---------------------------------------------------------------------------------
Finished RTL Elaboration : Time (s): cpu = 00:00:03 ; elapsed = 00:00:04 . Memory (MB): peak = 1319.902 ; gain = 131.469 ; free physical = 3104 ; free virtual = 13232
---------------------------------------------------------------------------------

Report Check Netlist: 
+------+------------------+-------+---------+-------+------------------+
|      |Item              |Errors |Warnings |Status |Description       |
+------+------------------+-------+---------+-------+------------------+
|1     |multi_driven_nets |      0|        0|Passed |Multi driven nets |
+------+------------------+-------+---------+-------+------------------+
---------------------------------------------------------------------------------
Start Handling Custom Attributes
---------------------------------------------------------------------------------
---------------------------------------------------------------------------------
Finished Handling Custom Attributes : Time (s): cpu = 00:00:03 ; elapsed = 00:00:04 . Memory (MB): peak = 1319.902 ; gain = 131.469 ; free physical = 3095 ; free virtual = 13232
---------------------------------------------------------------------------------
---------------------------------------------------------------------------------
Finished RTL Optimization Phase 1 : Time (s): cpu = 00:00:03 ; elapsed = 00:00:04 . Memory (MB): peak = 1319.902 ; gain = 131.469 ; free physical = 3095 ; free virtual = 13232
---------------------------------------------------------------------------------
INFO: [Device 21-403] Loading part xc7a35tcpg236-1
INFO: [Project 1-570] Preparing netlist for logic optimization

Processing XDC Constraints
Initializing timing engine
Parsing XDC File [/home/tibo36/Documents/Info-SI/Master/M1S1/AEO/TP_3_q1/TP_3_q1.srcs/constrs_1/imports/new/Basys3_Master.xdc]
Finished Parsing XDC File [/home/tibo36/Documents/Info-SI/Master/M1S1/AEO/TP_3_q1/TP_3_q1.srcs/constrs_1/imports/new/Basys3_Master.xdc]
INFO: [Project 1-236] Implementation specific constraints were found while reading constraint file [/home/tibo36/Documents/Info-SI/Master/M1S1/AEO/TP_3_q1/TP_3_q1.srcs/constrs_1/imports/new/Basys3_Master.xdc]. These constraints will be ignored for synthesis but will be used in implementation. Impacted constraints are listed in the file [.Xil/calc_propImpl.xdc].
Resolution: To avoid this warning, move constraints listed in [.Xil/calc_propImpl.xdc] to another XDC file and exclude this new file from synthesis with the used_in_synthesis property (File Properties dialog in GUI) and re-run elaboration/synthesis.
Completed Processing XDC Constraints

INFO: [Project 1-111] Unisim Transformation Summary:
No Unisim elements were transformed.

Constraint Validation Runtime : Time (s): cpu = 00:00:00 ; elapsed = 00:00:00 . Memory (MB): peak = 1589.238 ; gain = 0.000 ; free physical = 2885 ; free virtual = 13009
---------------------------------------------------------------------------------
Finished Constraint Validation : Time (s): cpu = 00:00:12 ; elapsed = 00:00:25 . Memory (MB): peak = 1589.238 ; gain = 400.805 ; free physical = 2953 ; free virtual = 13076
---------------------------------------------------------------------------------
---------------------------------------------------------------------------------
Start Loading Part and Timing Information
---------------------------------------------------------------------------------
Loading part: xc7a35tcpg236-1
---------------------------------------------------------------------------------
Finished Loading Part and Timing Information : Time (s): cpu = 00:00:12 ; elapsed = 00:00:25 . Memory (MB): peak = 1589.238 ; gain = 400.805 ; free physical = 2953 ; free virtual = 13076
---------------------------------------------------------------------------------
---------------------------------------------------------------------------------
Start Applying 'set_property' XDC Constraints
---------------------------------------------------------------------------------
---------------------------------------------------------------------------------
Finished applying 'set_property' XDC Constraints : Time (s): cpu = 00:00:12 ; elapsed = 00:00:25 . Memory (MB): peak = 1589.238 ; gain = 400.805 ; free physical = 2955 ; free virtual = 13078
---------------------------------------------------------------------------------
---------------------------------------------------------------------------------
Finished RTL Optimization Phase 2 : Time (s): cpu = 00:00:13 ; elapsed = 00:00:25 . Memory (MB): peak = 1589.238 ; gain = 400.805 ; free physical = 2946 ; free virtual = 13069
---------------------------------------------------------------------------------

Report RTL Partitions: 
+-+--------------+------------+----------+
| |RTL Partition |Replication |Instances |
+-+--------------+------------+----------+
+-+--------------+------------+----------+
---------------------------------------------------------------------------------
Start RTL Component Statistics 
---------------------------------------------------------------------------------
Detailed RTL Component Info : 
+---Adders : 
	   2 Input      5 Bit       Adders := 1     
	   8 Input      4 Bit       Adders := 1     
+---XORs : 
	   2 Input      4 Bit         XORs := 1     
	   8 Input      1 Bit         XORs := 1     
+---Muxes : 
	   8 Input      4 Bit        Muxes := 1     
	  13 Input      1 Bit        Muxes := 1     
---------------------------------------------------------------------------------
Finished RTL Component Statistics 
---------------------------------------------------------------------------------
---------------------------------------------------------------------------------
Start RTL Hierarchical Component Statistics 
---------------------------------------------------------------------------------
Hierarchical RTL Component report 
Module calc 
Detailed RTL Component Info : 
+---Muxes : 
	   8 Input      4 Bit        Muxes := 1     
Module add4 
Detailed RTL Component Info : 
+---Adders : 
	   2 Input      5 Bit       Adders := 1     
Module xil_defaultlib_xor4 
Detailed RTL Component Info : 
+---XORs : 
	   2 Input      4 Bit         XORs := 1     
Module comp4 
Detailed RTL Component Info : 
+---Muxes : 
	  13 Input      1 Bit        Muxes := 1     
Module par4 
Detailed RTL Component Info : 
+---XORs : 
	   8 Input      1 Bit         XORs := 1     
Module count4 
Detailed RTL Component Info : 
+---Adders : 
	   8 Input      4 Bit       Adders := 1     
---------------------------------------------------------------------------------
Finished RTL Hierarchical Component Statistics
---------------------------------------------------------------------------------
---------------------------------------------------------------------------------
Start Part Resource Summary
---------------------------------------------------------------------------------
Part Resources:
DSPs: 90 (col length:60)
BRAMs: 100 (col length: RAMB18 60 RAMB36 30)
---------------------------------------------------------------------------------
Finished Part Resource Summary
---------------------------------------------------------------------------------
---------------------------------------------------------------------------------
Start Cross Boundary and Area Optimization
---------------------------------------------------------------------------------
Warning: Parallel synthesis criteria is not met 
WARNING: [Synth 8-3917] design calc has port an[3] driven by constant 1
WARNING: [Synth 8-3917] design calc has port an[2] driven by constant 1
WARNING: [Synth 8-3917] design calc has port an[1] driven by constant 1
WARNING: [Synth 8-3917] design calc has port an[0] driven by constant 0
WARNING: [Synth 8-3331] design calc has unconnected port led[15]
WARNING: [Synth 8-3331] design calc has unconnected port led[14]
WARNING: [Synth 8-3331] design calc has unconnected port led[13]
WARNING: [Synth 8-3331] design calc has unconnected port led[12]
WARNING: [Synth 8-3331] design calc has unconnected port led[11]
WARNING: [Synth 8-3331] design calc has unconnected port led[10]
WARNING: [Synth 8-3331] design calc has unconnected port led[9]
WARNING: [Synth 8-3331] design calc has unconnected port led[8]
WARNING: [Synth 8-3331] design calc has unconnected port led[7]
WARNING: [Synth 8-3331] design calc has unconnected port led[6]
WARNING: [Synth 8-3331] design calc has unconnected port led[5]
WARNING: [Synth 8-3331] design calc has unconnected port sw[11]
WARNING: [Synth 8-3331] design calc has unconnected port sw[10]
WARNING: [Synth 8-3331] design calc has unconnected port sw[9]
WARNING: [Synth 8-3331] design calc has unconnected port sw[8]
WARNING: [Synth 8-3331] design calc has unconnected port sw[7]
WARNING: [Synth 8-3331] design calc has unconnected port sw[6]
WARNING: [Synth 8-3331] design calc has unconnected port sw[5]
WARNING: [Synth 8-3331] design calc has unconnected port sw[4]
---------------------------------------------------------------------------------
Finished Cross Boundary and Area Optimization : Time (s): cpu = 00:00:13 ; elapsed = 00:00:26 . Memory (MB): peak = 1589.238 ; gain = 400.805 ; free physical = 2942 ; free virtual = 13059
---------------------------------------------------------------------------------

Report RTL Partitions: 
+-+--------------+------------+----------+
| |RTL Partition |Replication |Instances |
+-+--------------+------------+----------+
+-+--------------+------------+----------+
---------------------------------------------------------------------------------
Start Applying XDC Timing Constraints
---------------------------------------------------------------------------------
---------------------------------------------------------------------------------
Finished Applying XDC Timing Constraints : Time (s): cpu = 00:00:20 ; elapsed = 00:00:36 . Memory (MB): peak = 1613.238 ; gain = 424.805 ; free physical = 2802 ; free virtual = 12935
---------------------------------------------------------------------------------
---------------------------------------------------------------------------------
Start Timing Optimization
---------------------------------------------------------------------------------
---------------------------------------------------------------------------------
Finished Timing Optimization : Time (s): cpu = 00:00:20 ; elapsed = 00:00:36 . Memory (MB): peak = 1613.238 ; gain = 424.805 ; free physical = 2802 ; free virtual = 12934
---------------------------------------------------------------------------------

Report RTL Partitions: 
+-+--------------+------------+----------+
| |RTL Partition |Replication |Instances |
+-+--------------+------------+----------+
+-+--------------+------------+----------+
---------------------------------------------------------------------------------
Start Technology Mapping
---------------------------------------------------------------------------------
---------------------------------------------------------------------------------
Finished Technology Mapping : Time (s): cpu = 00:00:20 ; elapsed = 00:00:36 . Memory (MB): peak = 1615.238 ; gain = 426.805 ; free physical = 2800 ; free virtual = 12933
---------------------------------------------------------------------------------

Report RTL Partitions: 
+-+--------------+------------+----------+
| |RTL Partition |Replication |Instances |
+-+--------------+------------+----------+
+-+--------------+------------+----------+
---------------------------------------------------------------------------------
Start IO Insertion
---------------------------------------------------------------------------------
---------------------------------------------------------------------------------
Start Flattening Before IO Insertion
---------------------------------------------------------------------------------
---------------------------------------------------------------------------------
Finished Flattening Before IO Insertion
---------------------------------------------------------------------------------
---------------------------------------------------------------------------------
Start Final Netlist Cleanup
---------------------------------------------------------------------------------
---------------------------------------------------------------------------------
Finished Final Netlist Cleanup
---------------------------------------------------------------------------------
---------------------------------------------------------------------------------
Finished IO Insertion : Time (s): cpu = 00:00:21 ; elapsed = 00:00:37 . Memory (MB): peak = 1615.238 ; gain = 426.805 ; free physical = 2812 ; free virtual = 12929
---------------------------------------------------------------------------------

Report Check Netlist: 
+------+------------------+-------+---------+-------+------------------+
|      |Item              |Errors |Warnings |Status |Description       |
+------+------------------+-------+---------+-------+------------------+
|1     |multi_driven_nets |      0|        0|Passed |Multi driven nets |
+------+------------------+-------+---------+-------+------------------+
---------------------------------------------------------------------------------
Start Renaming Generated Instances
---------------------------------------------------------------------------------
---------------------------------------------------------------------------------
Finished Renaming Generated Instances : Time (s): cpu = 00:00:21 ; elapsed = 00:00:37 . Memory (MB): peak = 1615.238 ; gain = 426.805 ; free physical = 2812 ; free virtual = 12929
---------------------------------------------------------------------------------

Report RTL Partitions: 
+-+--------------+------------+----------+
| |RTL Partition |Replication |Instances |
+-+--------------+------------+----------+
+-+--------------+------------+----------+
---------------------------------------------------------------------------------
Start Rebuilding User Hierarchy
---------------------------------------------------------------------------------
---------------------------------------------------------------------------------
Finished Rebuilding User Hierarchy : Time (s): cpu = 00:00:21 ; elapsed = 00:00:37 . Memory (MB): peak = 1615.238 ; gain = 426.805 ; free physical = 2812 ; free virtual = 12929
---------------------------------------------------------------------------------
---------------------------------------------------------------------------------
Start Renaming Generated Ports
---------------------------------------------------------------------------------
---------------------------------------------------------------------------------
Finished Renaming Generated Ports : Time (s): cpu = 00:00:21 ; elapsed = 00:00:37 . Memory (MB): peak = 1615.238 ; gain = 426.805 ; free physical = 2812 ; free virtual = 12929
---------------------------------------------------------------------------------
---------------------------------------------------------------------------------
Start Handling Custom Attributes
---------------------------------------------------------------------------------
---------------------------------------------------------------------------------
Finished Handling Custom Attributes : Time (s): cpu = 00:00:21 ; elapsed = 00:00:37 . Memory (MB): peak = 1615.238 ; gain = 426.805 ; free physical = 2811 ; free virtual = 12929
---------------------------------------------------------------------------------
---------------------------------------------------------------------------------
Start Renaming Generated Nets
---------------------------------------------------------------------------------
---------------------------------------------------------------------------------
Finished Renaming Generated Nets : Time (s): cpu = 00:00:21 ; elapsed = 00:00:37 . Memory (MB): peak = 1615.238 ; gain = 426.805 ; free physical = 2811 ; free virtual = 12929
---------------------------------------------------------------------------------
---------------------------------------------------------------------------------
Start Writing Synthesis Report
---------------------------------------------------------------------------------

Report BlackBoxes: 
+-+--------------+----------+
| |BlackBox name |Instances |
+-+--------------+----------+
+-+--------------+----------+

Report Cell Usage: 
+------+------+------+
|      |Cell  |Count |
+------+------+------+
|1     |LUT2  |     4|
|2     |LUT3  |     6|
|3     |LUT4  |    10|
|4     |LUT5  |     7|
|5     |LUT6  |    25|
|6     |IBUF  |    13|
|7     |OBUF  |    16|
|8     |OBUFT |    11|
+------+------+------+

Report Instance Areas: 
+------+---------+-------+------+
|      |Instance |Module |Cells |
+------+---------+-------+------+
|1     |top      |       |    92|
+------+---------+-------+------+
---------------------------------------------------------------------------------
Finished Writing Synthesis Report : Time (s): cpu = 00:00:21 ; elapsed = 00:00:37 . Memory (MB): peak = 1615.238 ; gain = 426.805 ; free physical = 2811 ; free virtual = 12929
---------------------------------------------------------------------------------
Synthesis finished with 0 errors, 0 critical warnings and 23 warnings.
Synthesis Optimization Runtime : Time (s): cpu = 00:00:13 ; elapsed = 00:00:18 . Memory (MB): peak = 1615.238 ; gain = 157.469 ; free physical = 2852 ; free virtual = 12969
Synthesis Optimization Complete : Time (s): cpu = 00:00:21 ; elapsed = 00:00:37 . Memory (MB): peak = 1615.246 ; gain = 426.805 ; free physical = 2863 ; free virtual = 12980
INFO: [Project 1-571] Translating synthesized netlist
INFO: [Netlist 29-17] Analyzing 13 Unisim elements for replacement
INFO: [Netlist 29-28] Unisim Transformation completed in 0 CPU seconds
INFO: [Project 1-570] Preparing netlist for logic optimization
INFO: [Opt 31-138] Pushed 0 inverter(s) to 0 load pin(s).
INFO: [Project 1-111] Unisim Transformation Summary:
No Unisim elements were transformed.

INFO: [Common 17-83] Releasing license: Synthesis
38 Infos, 46 Warnings, 0 Critical Warnings and 0 Errors encountered.
synth_design completed successfully
synth_design: Time (s): cpu = 00:00:23 ; elapsed = 00:00:38 . Memory (MB): peak = 1629.238 ; gain = 446.688 ; free physical = 2791 ; free virtual = 12916
WARNING: [Constraints 18-5210] No constraint will be written out.
INFO: [Common 17-1381] The checkpoint '/home/tibo36/Documents/Info-SI/Master/M1S1/AEO/TP_3_q1/TP_3_q1.runs/synth_1/calc.dcp' has been generated.
INFO: [runtcl-4] Executing : report_utilization -file calc_utilization_synth.rpt -pb calc_utilization_synth.pb
report_utilization: Time (s): cpu = 00:00:00.11 ; elapsed = 00:00:00.15 . Memory (MB): peak = 1653.250 ; gain = 0.000 ; free physical = 2787 ; free virtual = 12913
INFO: [Common 17-206] Exiting Vivado at Fri Sep 28 10:02:15 2018...
