INFO: [VRFC 10-163] Analyzing VHDL file "/home/tibo36/Documents/Info-SI/Master/M1S1/AEO/TP_5/TP_5_1.2/TP_5_1.2.srcs/sources_1/new/enable190.vhd" into library xil_defaultlib
INFO: [VRFC 10-307] analyzing entity enable190
INFO: [VRFC 10-163] Analyzing VHDL file "/home/tibo36/Documents/Info-SI/Master/M1S1/AEO/TP_5/TP_5_1.2/TP_5_1.2.srcs/sources_1/new/btn_pulse.vhd" into library xil_defaultlib
INFO: [VRFC 10-307] analyzing entity btn_pulse
INFO: [VRFC 10-163] Analyzing VHDL file "/home/tibo36/Documents/Info-SI/Master/M1S1/AEO/TP_5/TP_5_1.2/TP_5_1.2.srcs/sources_1/new/btn_pulse.vhd" into library xil_defaultlib
INFO: [VRFC 10-307] analyzing entity btn_pulse
INFO: [VRFC 10-163] Analyzing VHDL file "/home/tibo36/Documents/Info-SI/Master/M1S1/AEO/TP_5/TP_5_1.2/TP_5_1.2.srcs/sources_1/new/fsm.vhd" into library xil_defaultlib
INFO: [VRFC 10-307] analyzing entity fsm
INFO: [VRFC 10-163] Analyzing VHDL file "/home/tibo36/Documents/Info-SI/Master/M1S1/AEO/TP_5/TP_5_1.2/TP_5_1.2.srcs/sources_1/new/fsm.vhd" into library xil_defaultlib
INFO: [VRFC 10-307] analyzing entity fsm
INFO: [VRFC 10-163] Analyzing VHDL file "/home/tibo36/Documents/Info-SI/Master/M1S1/AEO/TP_5/TP_5_1.2/TP_5_1.2.srcs/sources_1/new/fsm.vhd" into library xil_defaultlib
INFO: [VRFC 10-307] analyzing entity fsm
INFO: [VRFC 10-163] Analyzing VHDL file "/home/tibo36/Documents/Info-SI/Master/M1S1/AEO/TP_5/TP_5_1.2/TP_5_1.2.srcs/sources_1/new/fsm.vhd" into library xil_defaultlib
INFO: [VRFC 10-307] analyzing entity fsm
INFO: [VRFC 10-163] Analyzing VHDL file "/home/tibo36/Documents/Info-SI/Master/M1S1/AEO/TP_5/TP_5_1.2/TP_5_1.2.srcs/sources_1/new/btn_pulse.vhd" into library xil_defaultlib
INFO: [VRFC 10-307] analyzing entity btn_pulse
INFO: [VRFC 10-163] Analyzing VHDL file "/home/tibo36/Documents/Info-SI/Master/M1S1/AEO/TP_5/TP_5_1.2/TP_5_1.2.srcs/sources_1/new/btn_pulse.vhd" into library xil_defaultlib
INFO: [VRFC 10-307] analyzing entity btn_pulse
INFO: [VRFC 10-163] Analyzing VHDL file "/home/tibo36/Documents/Info-SI/Master/M1S1/AEO/TP_5/TP_5_1.2/TP_5_1.2.srcs/sources_1/new/decodeBtn.vhd" into library xil_defaultlib
INFO: [VRFC 10-307] analyzing entity decodeBtn
INFO: [VRFC 10-163] Analyzing VHDL file "/home/tibo36/Documents/Info-SI/Master/M1S1/AEO/TP_5/TP_5_1.2/TP_5_1.2.srcs/sources_1/new/fsm.vhd" into library xil_defaultlib
INFO: [VRFC 10-307] analyzing entity fsm
INFO: [VRFC 10-163] Analyzing VHDL file "/home/tibo36/Documents/Info-SI/Master/M1S1/AEO/TP_5/TP_5_1.2/TP_5_1.2.srcs/sources_1/new/fsm.vhd" into library xil_defaultlib
INFO: [VRFC 10-307] analyzing entity fsm
INFO: [VRFC 10-163] Analyzing VHDL file "/home/tibo36/Documents/Info-SI/Master/M1S1/AEO/TP_5/TP_5_1.2/TP_5_1.2.srcs/sources_1/new/fsm.vhd" into library xil_defaultlib
INFO: [VRFC 10-307] analyzing entity fsm
INFO: [VRFC 10-163] Analyzing VHDL file "/home/tibo36/Documents/Info-SI/Master/M1S1/AEO/TP_5/TP_5_1.2/TP_5_1.2.srcs/sources_1/new/fsm.vhd" into library xil_defaultlib
INFO: [VRFC 10-307] analyzing entity fsm
INFO: [VRFC 10-163] Analyzing VHDL file "/home/tibo36/Documents/Info-SI/Master/M1S1/AEO/TP_5/TP_5_1.2/TP_5_1.2.srcs/sources_1/new/fsm.vhd" into library xil_defaultlib
INFO: [VRFC 10-307] analyzing entity fsm
INFO: [VRFC 10-163] Analyzing VHDL file "/home/tibo36/Documents/Info-SI/Master/M1S1/AEO/TP_5/TP_5_1.2/TP_5_1.2.srcs/sources_1/new/fsm.vhd" into library xil_defaultlib
INFO: [VRFC 10-307] analyzing entity fsm
INFO: [VRFC 10-163] Analyzing VHDL file "/home/tibo36/Documents/Info-SI/Master/M1S1/AEO/TP_5/TP_5_1.2/TP_5_1.2.srcs/sources_1/new/fsm.vhd" into library xil_defaultlib
INFO: [VRFC 10-307] analyzing entity fsm
INFO: [VRFC 10-163] Analyzing VHDL file "/home/tibo36/Documents/Info-SI/Master/M1S1/AEO/TP_5/TP_5_1.2/TP_5_1.2.srcs/sources_1/new/fsm.vhd" into library xil_defaultlib
INFO: [VRFC 10-307] analyzing entity fsm
INFO: [VRFC 10-163] Analyzing VHDL file "/home/tibo36/Documents/Info-SI/Master/M1S1/AEO/TP_5/TP_5_1.2/TP_5_1.2.srcs/sources_1/new/fsm.vhd" into library xil_defaultlib
INFO: [VRFC 10-307] analyzing entity fsm
INFO: [VRFC 10-163] Analyzing VHDL file "/home/tibo36/Documents/Info-SI/Master/M1S1/AEO/TP_5/TP_5_1.2/TP_5_1.2.srcs/sources_1/new/fsm.vhd" into library xil_defaultlib
INFO: [VRFC 10-307] analyzing entity fsm
INFO: [VRFC 10-163] Analyzing VHDL file "/home/tibo36/Documents/Info-SI/Master/M1S1/AEO/TP_5/TP_5_1.2/TP_5_1.2.srcs/sources_1/new/fsm.vhd" into library xil_defaultlib
INFO: [VRFC 10-307] analyzing entity fsm
INFO: [VRFC 10-163] Analyzing VHDL file "/home/tibo36/Documents/Info-SI/Master/M1S1/AEO/TP_5/TP_5_1.2/TP_5_1.2.srcs/sources_1/new/fsm.vhd" into library xil_defaultlib
INFO: [VRFC 10-307] analyzing entity fsm
