
*** Running vivado
    with args -log my_addv2.vds -m64 -product Vivado -mode batch -messageDb vivado.pb -notrace -source my_addv2.tcl


****** Vivado v2018.2.1 (64-bit)
  **** SW Build 2288692 on Thu Jul 26 18:23:50 MDT 2018
  **** IP Build 2289599 on Thu Jul 26 21:09:20 MDT 2018
    ** Copyright 1986-2018 Xilinx, Inc. All Rights Reserved.

source my_addv2.tcl -notrace
Command: synth_design -top my_addv2 -part xc7a35tcpg236-1
Starting synth_design
Attempting to get a license for feature 'Synthesis' and/or device 'xc7a35t'
INFO: [Common 17-349] Got license for feature 'Synthesis' and/or device 'xc7a35t'
INFO: Launching helper process for spawning children vivado processes
INFO: Helper process launched with PID 11190 
Terminated helper unrecognised option '-nojournal'
---------------------------------------------------------------------------------
Starting RTL Elaboration : Time (s): cpu = 00:00:02 ; elapsed = 00:00:02 . Memory (MB): peak = 1279.422 ; gain = 86.766 ; free physical = 1218 ; free virtual = 11586
---------------------------------------------------------------------------------
INFO: [Synth 8-638] synthesizing module 'my_addv2' [/home/m1/foiche/aeo/aeo/TP_1/TP_1.srcs/sources_1/new/my_addv2.vhd:42]
INFO: [Synth 8-256] done synthesizing module 'my_addv2' (1#1) [/home/m1/foiche/aeo/aeo/TP_1/TP_1.srcs/sources_1/new/my_addv2.vhd:42]
WARNING: [Synth 8-3917] design my_addv2 has port an[3] driven by constant 1
WARNING: [Synth 8-3917] design my_addv2 has port an[2] driven by constant 1
WARNING: [Synth 8-3917] design my_addv2 has port an[1] driven by constant 1
WARNING: [Synth 8-3917] design my_addv2 has port an[0] driven by constant 0
WARNING: [Synth 8-3331] design my_addv2 has unconnected port led[15]
WARNING: [Synth 8-3331] design my_addv2 has unconnected port led[14]
WARNING: [Synth 8-3331] design my_addv2 has unconnected port led[13]
WARNING: [Synth 8-3331] design my_addv2 has unconnected port led[12]
WARNING: [Synth 8-3331] design my_addv2 has unconnected port led[11]
WARNING: [Synth 8-3331] design my_addv2 has unconnected port led[10]
WARNING: [Synth 8-3331] design my_addv2 has unconnected port led[9]
WARNING: [Synth 8-3331] design my_addv2 has unconnected port led[8]
WARNING: [Synth 8-3331] design my_addv2 has unconnected port led[7]
WARNING: [Synth 8-3331] design my_addv2 has unconnected port led[6]
WARNING: [Synth 8-3331] design my_addv2 has unconnected port led[5]
WARNING: [Synth 8-3331] design my_addv2 has unconnected port led[4]
WARNING: [Synth 8-3331] design my_addv2 has unconnected port sw[11]
WARNING: [Synth 8-3331] design my_addv2 has unconnected port sw[10]
WARNING: [Synth 8-3331] design my_addv2 has unconnected port sw[9]
WARNING: [Synth 8-3331] design my_addv2 has unconnected port sw[8]
WARNING: [Synth 8-3331] design my_addv2 has unconnected port sw[7]
WARNING: [Synth 8-3331] design my_addv2 has unconnected port sw[6]
WARNING: [Synth 8-3331] design my_addv2 has unconnected port sw[5]
WARNING: [Synth 8-3331] design my_addv2 has unconnected port sw[4]
---------------------------------------------------------------------------------
Finished RTL Elaboration : Time (s): cpu = 00:00:03 ; elapsed = 00:00:03 . Memory (MB): peak = 1324.047 ; gain = 131.391 ; free physical = 1231 ; free virtual = 11600
---------------------------------------------------------------------------------

Report Check Netlist: 
+------+------------------+-------+---------+-------+------------------+
|      |Item              |Errors |Warnings |Status |Description       |
+------+------------------+-------+---------+-------+------------------+
|1     |multi_driven_nets |      0|        0|Passed |Multi driven nets |
+------+------------------+-------+---------+-------+------------------+
---------------------------------------------------------------------------------
Start Handling Custom Attributes
---------------------------------------------------------------------------------
---------------------------------------------------------------------------------
Finished Handling Custom Attributes : Time (s): cpu = 00:00:03 ; elapsed = 00:00:03 . Memory (MB): peak = 1324.047 ; gain = 131.391 ; free physical = 1231 ; free virtual = 11600
---------------------------------------------------------------------------------
---------------------------------------------------------------------------------
Finished RTL Optimization Phase 1 : Time (s): cpu = 00:00:03 ; elapsed = 00:00:03 . Memory (MB): peak = 1324.047 ; gain = 131.391 ; free physical = 1231 ; free virtual = 11600
---------------------------------------------------------------------------------
INFO: [Device 21-403] Loading part xc7a35tcpg236-1
INFO: [Project 1-570] Preparing netlist for logic optimization

Processing XDC Constraints
Initializing timing engine
Parsing XDC File [/home/m1/foiche/aeo/aeo/TP_1/TP_1.srcs/sources_1/new/Basys3_Master_add4.xdc]
WARNING: [Vivado 12-584] No ports matched 'a[0]'. [/home/m1/foiche/aeo/aeo/TP_1/TP_1.srcs/sources_1/new/Basys3_Master_add4.xdc:12]
CRITICAL WARNING: [Common 17-55] 'set_property' expects at least one object. [/home/m1/foiche/aeo/aeo/TP_1/TP_1.srcs/sources_1/new/Basys3_Master_add4.xdc:12]
Resolution: If [get_<value>] was used to populate the object, check to make sure this command returns at least one valid object.
WARNING: [Vivado 12-584] No ports matched 'a[0]'. [/home/m1/foiche/aeo/aeo/TP_1/TP_1.srcs/sources_1/new/Basys3_Master_add4.xdc:13]
CRITICAL WARNING: [Common 17-55] 'set_property' expects at least one object. [/home/m1/foiche/aeo/aeo/TP_1/TP_1.srcs/sources_1/new/Basys3_Master_add4.xdc:13]
Resolution: If [get_<value>] was used to populate the object, check to make sure this command returns at least one valid object.
WARNING: [Vivado 12-584] No ports matched 'a[1]'. [/home/m1/foiche/aeo/aeo/TP_1/TP_1.srcs/sources_1/new/Basys3_Master_add4.xdc:14]
CRITICAL WARNING: [Common 17-55] 'set_property' expects at least one object. [/home/m1/foiche/aeo/aeo/TP_1/TP_1.srcs/sources_1/new/Basys3_Master_add4.xdc:14]
Resolution: If [get_<value>] was used to populate the object, check to make sure this command returns at least one valid object.
WARNING: [Vivado 12-584] No ports matched 'a[1]'. [/home/m1/foiche/aeo/aeo/TP_1/TP_1.srcs/sources_1/new/Basys3_Master_add4.xdc:15]
CRITICAL WARNING: [Common 17-55] 'set_property' expects at least one object. [/home/m1/foiche/aeo/aeo/TP_1/TP_1.srcs/sources_1/new/Basys3_Master_add4.xdc:15]
Resolution: If [get_<value>] was used to populate the object, check to make sure this command returns at least one valid object.
WARNING: [Vivado 12-584] No ports matched 'a[2]'. [/home/m1/foiche/aeo/aeo/TP_1/TP_1.srcs/sources_1/new/Basys3_Master_add4.xdc:16]
CRITICAL WARNING: [Common 17-55] 'set_property' expects at least one object. [/home/m1/foiche/aeo/aeo/TP_1/TP_1.srcs/sources_1/new/Basys3_Master_add4.xdc:16]
Resolution: If [get_<value>] was used to populate the object, check to make sure this command returns at least one valid object.
WARNING: [Vivado 12-584] No ports matched 'a[2]'. [/home/m1/foiche/aeo/aeo/TP_1/TP_1.srcs/sources_1/new/Basys3_Master_add4.xdc:17]
CRITICAL WARNING: [Common 17-55] 'set_property' expects at least one object. [/home/m1/foiche/aeo/aeo/TP_1/TP_1.srcs/sources_1/new/Basys3_Master_add4.xdc:17]
Resolution: If [get_<value>] was used to populate the object, check to make sure this command returns at least one valid object.
WARNING: [Vivado 12-584] No ports matched 'a[3]'. [/home/m1/foiche/aeo/aeo/TP_1/TP_1.srcs/sources_1/new/Basys3_Master_add4.xdc:18]
CRITICAL WARNING: [Common 17-55] 'set_property' expects at least one object. [/home/m1/foiche/aeo/aeo/TP_1/TP_1.srcs/sources_1/new/Basys3_Master_add4.xdc:18]
Resolution: If [get_<value>] was used to populate the object, check to make sure this command returns at least one valid object.
WARNING: [Vivado 12-584] No ports matched 'a[3]'. [/home/m1/foiche/aeo/aeo/TP_1/TP_1.srcs/sources_1/new/Basys3_Master_add4.xdc:19]
CRITICAL WARNING: [Common 17-55] 'set_property' expects at least one object. [/home/m1/foiche/aeo/aeo/TP_1/TP_1.srcs/sources_1/new/Basys3_Master_add4.xdc:19]
Resolution: If [get_<value>] was used to populate the object, check to make sure this command returns at least one valid object.
WARNING: [Vivado 12-584] No ports matched 'b[0]'. [/home/m1/foiche/aeo/aeo/TP_1/TP_1.srcs/sources_1/new/Basys3_Master_add4.xdc:36]
CRITICAL WARNING: [Common 17-55] 'set_property' expects at least one object. [/home/m1/foiche/aeo/aeo/TP_1/TP_1.srcs/sources_1/new/Basys3_Master_add4.xdc:36]
Resolution: If [get_<value>] was used to populate the object, check to make sure this command returns at least one valid object.
WARNING: [Vivado 12-584] No ports matched 'b[0]'. [/home/m1/foiche/aeo/aeo/TP_1/TP_1.srcs/sources_1/new/Basys3_Master_add4.xdc:37]
CRITICAL WARNING: [Common 17-55] 'set_property' expects at least one object. [/home/m1/foiche/aeo/aeo/TP_1/TP_1.srcs/sources_1/new/Basys3_Master_add4.xdc:37]
Resolution: If [get_<value>] was used to populate the object, check to make sure this command returns at least one valid object.
WARNING: [Vivado 12-584] No ports matched 'b[1]'. [/home/m1/foiche/aeo/aeo/TP_1/TP_1.srcs/sources_1/new/Basys3_Master_add4.xdc:38]
CRITICAL WARNING: [Common 17-55] 'set_property' expects at least one object. [/home/m1/foiche/aeo/aeo/TP_1/TP_1.srcs/sources_1/new/Basys3_Master_add4.xdc:38]
Resolution: If [get_<value>] was used to populate the object, check to make sure this command returns at least one valid object.
WARNING: [Vivado 12-584] No ports matched 'b[1]'. [/home/m1/foiche/aeo/aeo/TP_1/TP_1.srcs/sources_1/new/Basys3_Master_add4.xdc:39]
CRITICAL WARNING: [Common 17-55] 'set_property' expects at least one object. [/home/m1/foiche/aeo/aeo/TP_1/TP_1.srcs/sources_1/new/Basys3_Master_add4.xdc:39]
Resolution: If [get_<value>] was used to populate the object, check to make sure this command returns at least one valid object.
WARNING: [Vivado 12-584] No ports matched 'b[2]'. [/home/m1/foiche/aeo/aeo/TP_1/TP_1.srcs/sources_1/new/Basys3_Master_add4.xdc:40]
CRITICAL WARNING: [Common 17-55] 'set_property' expects at least one object. [/home/m1/foiche/aeo/aeo/TP_1/TP_1.srcs/sources_1/new/Basys3_Master_add4.xdc:40]
Resolution: If [get_<value>] was used to populate the object, check to make sure this command returns at least one valid object.
WARNING: [Vivado 12-584] No ports matched 'b[2]'. [/home/m1/foiche/aeo/aeo/TP_1/TP_1.srcs/sources_1/new/Basys3_Master_add4.xdc:41]
CRITICAL WARNING: [Common 17-55] 'set_property' expects at least one object. [/home/m1/foiche/aeo/aeo/TP_1/TP_1.srcs/sources_1/new/Basys3_Master_add4.xdc:41]
Resolution: If [get_<value>] was used to populate the object, check to make sure this command returns at least one valid object.
WARNING: [Vivado 12-584] No ports matched 'b[3]'. [/home/m1/foiche/aeo/aeo/TP_1/TP_1.srcs/sources_1/new/Basys3_Master_add4.xdc:42]
CRITICAL WARNING: [Common 17-55] 'set_property' expects at least one object. [/home/m1/foiche/aeo/aeo/TP_1/TP_1.srcs/sources_1/new/Basys3_Master_add4.xdc:42]
Resolution: If [get_<value>] was used to populate the object, check to make sure this command returns at least one valid object.
WARNING: [Vivado 12-584] No ports matched 'b[3]'. [/home/m1/foiche/aeo/aeo/TP_1/TP_1.srcs/sources_1/new/Basys3_Master_add4.xdc:43]
CRITICAL WARNING: [Common 17-55] 'set_property' expects at least one object. [/home/m1/foiche/aeo/aeo/TP_1/TP_1.srcs/sources_1/new/Basys3_Master_add4.xdc:43]
Resolution: If [get_<value>] was used to populate the object, check to make sure this command returns at least one valid object.
WARNING: [Vivado 12-584] No ports matched 'sum[0]'. [/home/m1/foiche/aeo/aeo/TP_1/TP_1.srcs/sources_1/new/Basys3_Master_add4.xdc:47]
CRITICAL WARNING: [Common 17-55] 'set_property' expects at least one object. [/home/m1/foiche/aeo/aeo/TP_1/TP_1.srcs/sources_1/new/Basys3_Master_add4.xdc:47]
Resolution: If [get_<value>] was used to populate the object, check to make sure this command returns at least one valid object.
WARNING: [Vivado 12-584] No ports matched 'sum[0]'. [/home/m1/foiche/aeo/aeo/TP_1/TP_1.srcs/sources_1/new/Basys3_Master_add4.xdc:48]
CRITICAL WARNING: [Common 17-55] 'set_property' expects at least one object. [/home/m1/foiche/aeo/aeo/TP_1/TP_1.srcs/sources_1/new/Basys3_Master_add4.xdc:48]
Resolution: If [get_<value>] was used to populate the object, check to make sure this command returns at least one valid object.
WARNING: [Vivado 12-584] No ports matched 'sum[1]'. [/home/m1/foiche/aeo/aeo/TP_1/TP_1.srcs/sources_1/new/Basys3_Master_add4.xdc:49]
CRITICAL WARNING: [Common 17-55] 'set_property' expects at least one object. [/home/m1/foiche/aeo/aeo/TP_1/TP_1.srcs/sources_1/new/Basys3_Master_add4.xdc:49]
Resolution: If [get_<value>] was used to populate the object, check to make sure this command returns at least one valid object.
WARNING: [Vivado 12-584] No ports matched 'sum[1]'. [/home/m1/foiche/aeo/aeo/TP_1/TP_1.srcs/sources_1/new/Basys3_Master_add4.xdc:50]
CRITICAL WARNING: [Common 17-55] 'set_property' expects at least one object. [/home/m1/foiche/aeo/aeo/TP_1/TP_1.srcs/sources_1/new/Basys3_Master_add4.xdc:50]
Resolution: If [get_<value>] was used to populate the object, check to make sure this command returns at least one valid object.
WARNING: [Vivado 12-584] No ports matched 'sum[2]'. [/home/m1/foiche/aeo/aeo/TP_1/TP_1.srcs/sources_1/new/Basys3_Master_add4.xdc:51]
CRITICAL WARNING: [Common 17-55] 'set_property' expects at least one object. [/home/m1/foiche/aeo/aeo/TP_1/TP_1.srcs/sources_1/new/Basys3_Master_add4.xdc:51]
Resolution: If [get_<value>] was used to populate the object, check to make sure this command returns at least one valid object.
WARNING: [Vivado 12-584] No ports matched 'sum[2]'. [/home/m1/foiche/aeo/aeo/TP_1/TP_1.srcs/sources_1/new/Basys3_Master_add4.xdc:52]
CRITICAL WARNING: [Common 17-55] 'set_property' expects at least one object. [/home/m1/foiche/aeo/aeo/TP_1/TP_1.srcs/sources_1/new/Basys3_Master_add4.xdc:52]
Resolution: If [get_<value>] was used to populate the object, check to make sure this command returns at least one valid object.
WARNING: [Vivado 12-584] No ports matched 'sum[3]'. [/home/m1/foiche/aeo/aeo/TP_1/TP_1.srcs/sources_1/new/Basys3_Master_add4.xdc:53]
CRITICAL WARNING: [Common 17-55] 'set_property' expects at least one object. [/home/m1/foiche/aeo/aeo/TP_1/TP_1.srcs/sources_1/new/Basys3_Master_add4.xdc:53]
Resolution: If [get_<value>] was used to populate the object, check to make sure this command returns at least one valid object.
WARNING: [Vivado 12-584] No ports matched 'sum[3]'. [/home/m1/foiche/aeo/aeo/TP_1/TP_1.srcs/sources_1/new/Basys3_Master_add4.xdc:54]
CRITICAL WARNING: [Common 17-55] 'set_property' expects at least one object. [/home/m1/foiche/aeo/aeo/TP_1/TP_1.srcs/sources_1/new/Basys3_Master_add4.xdc:54]
Resolution: If [get_<value>] was used to populate the object, check to make sure this command returns at least one valid object.
WARNING: [Vivado 12-584] No ports matched 'sum[4]'. [/home/m1/foiche/aeo/aeo/TP_1/TP_1.srcs/sources_1/new/Basys3_Master_add4.xdc:55]
CRITICAL WARNING: [Common 17-55] 'set_property' expects at least one object. [/home/m1/foiche/aeo/aeo/TP_1/TP_1.srcs/sources_1/new/Basys3_Master_add4.xdc:55]
Resolution: If [get_<value>] was used to populate the object, check to make sure this command returns at least one valid object.
WARNING: [Vivado 12-584] No ports matched 'sum[4]'. [/home/m1/foiche/aeo/aeo/TP_1/TP_1.srcs/sources_1/new/Basys3_Master_add4.xdc:56]
CRITICAL WARNING: [Common 17-55] 'set_property' expects at least one object. [/home/m1/foiche/aeo/aeo/TP_1/TP_1.srcs/sources_1/new/Basys3_Master_add4.xdc:56]
Resolution: If [get_<value>] was used to populate the object, check to make sure this command returns at least one valid object.
Finished Parsing XDC File [/home/m1/foiche/aeo/aeo/TP_1/TP_1.srcs/sources_1/new/Basys3_Master_add4.xdc]
Parsing XDC File [/home/m1/foiche/aeo/aeo/TP_1/TP_1.srcs/sources_1/new/Basys3_Master.xdc]
WARNING: [Vivado 12-584] No ports matched 'a[0]'. [/home/m1/foiche/aeo/aeo/TP_1/TP_1.srcs/sources_1/new/Basys3_Master.xdc:12]
CRITICAL WARNING: [Common 17-55] 'set_property' expects at least one object. [/home/m1/foiche/aeo/aeo/TP_1/TP_1.srcs/sources_1/new/Basys3_Master.xdc:12]
Resolution: If [get_<value>] was used to populate the object, check to make sure this command returns at least one valid object.
WARNING: [Vivado 12-584] No ports matched 'a[0]'. [/home/m1/foiche/aeo/aeo/TP_1/TP_1.srcs/sources_1/new/Basys3_Master.xdc:13]
CRITICAL WARNING: [Common 17-55] 'set_property' expects at least one object. [/home/m1/foiche/aeo/aeo/TP_1/TP_1.srcs/sources_1/new/Basys3_Master.xdc:13]
Resolution: If [get_<value>] was used to populate the object, check to make sure this command returns at least one valid object.
WARNING: [Vivado 12-584] No ports matched 'a[1]'. [/home/m1/foiche/aeo/aeo/TP_1/TP_1.srcs/sources_1/new/Basys3_Master.xdc:14]
CRITICAL WARNING: [Common 17-55] 'set_property' expects at least one object. [/home/m1/foiche/aeo/aeo/TP_1/TP_1.srcs/sources_1/new/Basys3_Master.xdc:14]
Resolution: If [get_<value>] was used to populate the object, check to make sure this command returns at least one valid object.
WARNING: [Vivado 12-584] No ports matched 'a[1]'. [/home/m1/foiche/aeo/aeo/TP_1/TP_1.srcs/sources_1/new/Basys3_Master.xdc:15]
CRITICAL WARNING: [Common 17-55] 'set_property' expects at least one object. [/home/m1/foiche/aeo/aeo/TP_1/TP_1.srcs/sources_1/new/Basys3_Master.xdc:15]
Resolution: If [get_<value>] was used to populate the object, check to make sure this command returns at least one valid object.
WARNING: [Vivado 12-584] No ports matched 'a[2]'. [/home/m1/foiche/aeo/aeo/TP_1/TP_1.srcs/sources_1/new/Basys3_Master.xdc:16]
CRITICAL WARNING: [Common 17-55] 'set_property' expects at least one object. [/home/m1/foiche/aeo/aeo/TP_1/TP_1.srcs/sources_1/new/Basys3_Master.xdc:16]
Resolution: If [get_<value>] was used to populate the object, check to make sure this command returns at least one valid object.
WARNING: [Vivado 12-584] No ports matched 'a[2]'. [/home/m1/foiche/aeo/aeo/TP_1/TP_1.srcs/sources_1/new/Basys3_Master.xdc:17]
CRITICAL WARNING: [Common 17-55] 'set_property' expects at least one object. [/home/m1/foiche/aeo/aeo/TP_1/TP_1.srcs/sources_1/new/Basys3_Master.xdc:17]
Resolution: If [get_<value>] was used to populate the object, check to make sure this command returns at least one valid object.
WARNING: [Vivado 12-584] No ports matched 'a[3]'. [/home/m1/foiche/aeo/aeo/TP_1/TP_1.srcs/sources_1/new/Basys3_Master.xdc:18]
CRITICAL WARNING: [Common 17-55] 'set_property' expects at least one object. [/home/m1/foiche/aeo/aeo/TP_1/TP_1.srcs/sources_1/new/Basys3_Master.xdc:18]
Resolution: If [get_<value>] was used to populate the object, check to make sure this command returns at least one valid object.
WARNING: [Vivado 12-584] No ports matched 'a[3]'. [/home/m1/foiche/aeo/aeo/TP_1/TP_1.srcs/sources_1/new/Basys3_Master.xdc:19]
CRITICAL WARNING: [Common 17-55] 'set_property' expects at least one object. [/home/m1/foiche/aeo/aeo/TP_1/TP_1.srcs/sources_1/new/Basys3_Master.xdc:19]
Resolution: If [get_<value>] was used to populate the object, check to make sure this command returns at least one valid object.
WARNING: [Vivado 12-584] No ports matched 'b[12]'. [/home/m1/foiche/aeo/aeo/TP_1/TP_1.srcs/sources_1/new/Basys3_Master.xdc:36]
CRITICAL WARNING: [Common 17-55] 'set_property' expects at least one object. [/home/m1/foiche/aeo/aeo/TP_1/TP_1.srcs/sources_1/new/Basys3_Master.xdc:36]
Resolution: If [get_<value>] was used to populate the object, check to make sure this command returns at least one valid object.
WARNING: [Vivado 12-584] No ports matched 'b[12]'. [/home/m1/foiche/aeo/aeo/TP_1/TP_1.srcs/sources_1/new/Basys3_Master.xdc:37]
CRITICAL WARNING: [Common 17-55] 'set_property' expects at least one object. [/home/m1/foiche/aeo/aeo/TP_1/TP_1.srcs/sources_1/new/Basys3_Master.xdc:37]
Resolution: If [get_<value>] was used to populate the object, check to make sure this command returns at least one valid object.
WARNING: [Vivado 12-584] No ports matched 'b[13]'. [/home/m1/foiche/aeo/aeo/TP_1/TP_1.srcs/sources_1/new/Basys3_Master.xdc:38]
CRITICAL WARNING: [Common 17-55] 'set_property' expects at least one object. [/home/m1/foiche/aeo/aeo/TP_1/TP_1.srcs/sources_1/new/Basys3_Master.xdc:38]
Resolution: If [get_<value>] was used to populate the object, check to make sure this command returns at least one valid object.
WARNING: [Vivado 12-584] No ports matched 'b[13]'. [/home/m1/foiche/aeo/aeo/TP_1/TP_1.srcs/sources_1/new/Basys3_Master.xdc:39]
CRITICAL WARNING: [Common 17-55] 'set_property' expects at least one object. [/home/m1/foiche/aeo/aeo/TP_1/TP_1.srcs/sources_1/new/Basys3_Master.xdc:39]
Resolution: If [get_<value>] was used to populate the object, check to make sure this command returns at least one valid object.
WARNING: [Vivado 12-584] No ports matched 'b[14]'. [/home/m1/foiche/aeo/aeo/TP_1/TP_1.srcs/sources_1/new/Basys3_Master.xdc:40]
CRITICAL WARNING: [Common 17-55] 'set_property' expects at least one object. [/home/m1/foiche/aeo/aeo/TP_1/TP_1.srcs/sources_1/new/Basys3_Master.xdc:40]
Resolution: If [get_<value>] was used to populate the object, check to make sure this command returns at least one valid object.
WARNING: [Vivado 12-584] No ports matched 'b[14]'. [/home/m1/foiche/aeo/aeo/TP_1/TP_1.srcs/sources_1/new/Basys3_Master.xdc:41]
CRITICAL WARNING: [Common 17-55] 'set_property' expects at least one object. [/home/m1/foiche/aeo/aeo/TP_1/TP_1.srcs/sources_1/new/Basys3_Master.xdc:41]
Resolution: If [get_<value>] was used to populate the object, check to make sure this command returns at least one valid object.
WARNING: [Vivado 12-584] No ports matched 'b[15]'. [/home/m1/foiche/aeo/aeo/TP_1/TP_1.srcs/sources_1/new/Basys3_Master.xdc:42]
CRITICAL WARNING: [Common 17-55] 'set_property' expects at least one object. [/home/m1/foiche/aeo/aeo/TP_1/TP_1.srcs/sources_1/new/Basys3_Master.xdc:42]
Resolution: If [get_<value>] was used to populate the object, check to make sure this command returns at least one valid object.
WARNING: [Vivado 12-584] No ports matched 'b[15]'. [/home/m1/foiche/aeo/aeo/TP_1/TP_1.srcs/sources_1/new/Basys3_Master.xdc:43]
CRITICAL WARNING: [Common 17-55] 'set_property' expects at least one object. [/home/m1/foiche/aeo/aeo/TP_1/TP_1.srcs/sources_1/new/Basys3_Master.xdc:43]
Resolution: If [get_<value>] was used to populate the object, check to make sure this command returns at least one valid object.
WARNING: [Vivado 12-584] No ports matched 'sum[0]'. [/home/m1/foiche/aeo/aeo/TP_1/TP_1.srcs/sources_1/new/Basys3_Master.xdc:47]
CRITICAL WARNING: [Common 17-55] 'set_property' expects at least one object. [/home/m1/foiche/aeo/aeo/TP_1/TP_1.srcs/sources_1/new/Basys3_Master.xdc:47]
Resolution: If [get_<value>] was used to populate the object, check to make sure this command returns at least one valid object.
WARNING: [Vivado 12-584] No ports matched 'sum[0]'. [/home/m1/foiche/aeo/aeo/TP_1/TP_1.srcs/sources_1/new/Basys3_Master.xdc:48]
CRITICAL WARNING: [Common 17-55] 'set_property' expects at least one object. [/home/m1/foiche/aeo/aeo/TP_1/TP_1.srcs/sources_1/new/Basys3_Master.xdc:48]
Resolution: If [get_<value>] was used to populate the object, check to make sure this command returns at least one valid object.
WARNING: [Vivado 12-584] No ports matched 'sum[1]'. [/home/m1/foiche/aeo/aeo/TP_1/TP_1.srcs/sources_1/new/Basys3_Master.xdc:49]
CRITICAL WARNING: [Common 17-55] 'set_property' expects at least one object. [/home/m1/foiche/aeo/aeo/TP_1/TP_1.srcs/sources_1/new/Basys3_Master.xdc:49]
Resolution: If [get_<value>] was used to populate the object, check to make sure this command returns at least one valid object.
WARNING: [Vivado 12-584] No ports matched 'sum[1]'. [/home/m1/foiche/aeo/aeo/TP_1/TP_1.srcs/sources_1/new/Basys3_Master.xdc:50]
CRITICAL WARNING: [Common 17-55] 'set_property' expects at least one object. [/home/m1/foiche/aeo/aeo/TP_1/TP_1.srcs/sources_1/new/Basys3_Master.xdc:50]
Resolution: If [get_<value>] was used to populate the object, check to make sure this command returns at least one valid object.
WARNING: [Vivado 12-584] No ports matched 'sum[2]'. [/home/m1/foiche/aeo/aeo/TP_1/TP_1.srcs/sources_1/new/Basys3_Master.xdc:51]
CRITICAL WARNING: [Common 17-55] 'set_property' expects at least one object. [/home/m1/foiche/aeo/aeo/TP_1/TP_1.srcs/sources_1/new/Basys3_Master.xdc:51]
Resolution: If [get_<value>] was used to populate the object, check to make sure this command returns at least one valid object.
WARNING: [Vivado 12-584] No ports matched 'sum[2]'. [/home/m1/foiche/aeo/aeo/TP_1/TP_1.srcs/sources_1/new/Basys3_Master.xdc:52]
CRITICAL WARNING: [Common 17-55] 'set_property' expects at least one object. [/home/m1/foiche/aeo/aeo/TP_1/TP_1.srcs/sources_1/new/Basys3_Master.xdc:52]
Resolution: If [get_<value>] was used to populate the object, check to make sure this command returns at least one valid object.
WARNING: [Vivado 12-584] No ports matched 'sum[3]'. [/home/m1/foiche/aeo/aeo/TP_1/TP_1.srcs/sources_1/new/Basys3_Master.xdc:53]
CRITICAL WARNING: [Common 17-55] 'set_property' expects at least one object. [/home/m1/foiche/aeo/aeo/TP_1/TP_1.srcs/sources_1/new/Basys3_Master.xdc:53]
Resolution: If [get_<value>] was used to populate the object, check to make sure this command returns at least one valid object.
WARNING: [Vivado 12-584] No ports matched 'sum[3]'. [/home/m1/foiche/aeo/aeo/TP_1/TP_1.srcs/sources_1/new/Basys3_Master.xdc:54]
CRITICAL WARNING: [Common 17-55] 'set_property' expects at least one object. [/home/m1/foiche/aeo/aeo/TP_1/TP_1.srcs/sources_1/new/Basys3_Master.xdc:54]
Resolution: If [get_<value>] was used to populate the object, check to make sure this command returns at least one valid object.
WARNING: [Vivado 12-584] No ports matched 'sum[4]'. [/home/m1/foiche/aeo/aeo/TP_1/TP_1.srcs/sources_1/new/Basys3_Master.xdc:55]
CRITICAL WARNING: [Common 17-55] 'set_property' expects at least one object. [/home/m1/foiche/aeo/aeo/TP_1/TP_1.srcs/sources_1/new/Basys3_Master.xdc:55]
Resolution: If [get_<value>] was used to populate the object, check to make sure this command returns at least one valid object.
WARNING: [Vivado 12-584] No ports matched 'sum[4]'. [/home/m1/foiche/aeo/aeo/TP_1/TP_1.srcs/sources_1/new/Basys3_Master.xdc:56]
CRITICAL WARNING: [Common 17-55] 'set_property' expects at least one object. [/home/m1/foiche/aeo/aeo/TP_1/TP_1.srcs/sources_1/new/Basys3_Master.xdc:56]
Resolution: If [get_<value>] was used to populate the object, check to make sure this command returns at least one valid object.
Finished Parsing XDC File [/home/m1/foiche/aeo/aeo/TP_1/TP_1.srcs/sources_1/new/Basys3_Master.xdc]
INFO: [Project 1-236] Implementation specific constraints were found while reading constraint file [/home/m1/foiche/aeo/aeo/TP_1/TP_1.srcs/sources_1/new/Basys3_Master.xdc]. These constraints will be ignored for synthesis but will be used in implementation. Impacted constraints are listed in the file [.Xil/my_addv2_propImpl.xdc].
Resolution: To avoid this warning, move constraints listed in [.Xil/my_addv2_propImpl.xdc] to another XDC file and exclude this new file from synthesis with the used_in_synthesis property (File Properties dialog in GUI) and re-run elaboration/synthesis.
Parsing XDC File [/home/m1/foiche/aeo/aeo/TP_1/TP_1.srcs/sources_1/new/Basys3_MasterV2.xdc]
Finished Parsing XDC File [/home/m1/foiche/aeo/aeo/TP_1/TP_1.srcs/sources_1/new/Basys3_MasterV2.xdc]
INFO: [Project 1-236] Implementation specific constraints were found while reading constraint file [/home/m1/foiche/aeo/aeo/TP_1/TP_1.srcs/sources_1/new/Basys3_MasterV2.xdc]. These constraints will be ignored for synthesis but will be used in implementation. Impacted constraints are listed in the file [.Xil/my_addv2_propImpl.xdc].
Resolution: To avoid this warning, move constraints listed in [.Xil/my_addv2_propImpl.xdc] to another XDC file and exclude this new file from synthesis with the used_in_synthesis property (File Properties dialog in GUI) and re-run elaboration/synthesis.
Completed Processing XDC Constraints

INFO: [Project 1-111] Unisim Transformation Summary:
No Unisim elements were transformed.

Constraint Validation Runtime : Time (s): cpu = 00:00:00.01 ; elapsed = 00:00:00.01 . Memory (MB): peak = 1562.383 ; gain = 0.000 ; free physical = 1004 ; free virtual = 11360
---------------------------------------------------------------------------------
Finished Constraint Validation : Time (s): cpu = 00:00:10 ; elapsed = 00:00:20 . Memory (MB): peak = 1562.383 ; gain = 369.727 ; free physical = 1071 ; free virtual = 11427
---------------------------------------------------------------------------------
---------------------------------------------------------------------------------
Start Loading Part and Timing Information
---------------------------------------------------------------------------------
Loading part: xc7a35tcpg236-1
---------------------------------------------------------------------------------
Finished Loading Part and Timing Information : Time (s): cpu = 00:00:10 ; elapsed = 00:00:20 . Memory (MB): peak = 1562.383 ; gain = 369.727 ; free physical = 1071 ; free virtual = 11427
---------------------------------------------------------------------------------
---------------------------------------------------------------------------------
Start Applying 'set_property' XDC Constraints
---------------------------------------------------------------------------------
---------------------------------------------------------------------------------
Finished applying 'set_property' XDC Constraints : Time (s): cpu = 00:00:10 ; elapsed = 00:00:20 . Memory (MB): peak = 1562.383 ; gain = 369.727 ; free physical = 1073 ; free virtual = 11429
---------------------------------------------------------------------------------
---------------------------------------------------------------------------------
Finished RTL Optimization Phase 2 : Time (s): cpu = 00:00:10 ; elapsed = 00:00:20 . Memory (MB): peak = 1562.383 ; gain = 369.727 ; free physical = 1071 ; free virtual = 11428
---------------------------------------------------------------------------------

Report RTL Partitions: 
+-+--------------+------------+----------+
| |RTL Partition |Replication |Instances |
+-+--------------+------------+----------+
+-+--------------+------------+----------+
---------------------------------------------------------------------------------
Start RTL Component Statistics 
---------------------------------------------------------------------------------
Detailed RTL Component Info : 
+---Adders : 
	   2 Input      5 Bit       Adders := 1     
---------------------------------------------------------------------------------
Finished RTL Component Statistics 
---------------------------------------------------------------------------------
---------------------------------------------------------------------------------
Start RTL Hierarchical Component Statistics 
---------------------------------------------------------------------------------
Hierarchical RTL Component report 
Module my_addv2 
Detailed RTL Component Info : 
+---Adders : 
	   2 Input      5 Bit       Adders := 1     
---------------------------------------------------------------------------------
Finished RTL Hierarchical Component Statistics
---------------------------------------------------------------------------------
---------------------------------------------------------------------------------
Start Part Resource Summary
---------------------------------------------------------------------------------
Part Resources:
DSPs: 90 (col length:60)
BRAMs: 100 (col length: RAMB18 60 RAMB36 30)
---------------------------------------------------------------------------------
Finished Part Resource Summary
---------------------------------------------------------------------------------
---------------------------------------------------------------------------------
Start Cross Boundary and Area Optimization
---------------------------------------------------------------------------------
Warning: Parallel synthesis criteria is not met 
WARNING: [Synth 8-3917] design my_addv2 has port an[3] driven by constant 1
WARNING: [Synth 8-3917] design my_addv2 has port an[2] driven by constant 1
WARNING: [Synth 8-3917] design my_addv2 has port an[1] driven by constant 1
WARNING: [Synth 8-3917] design my_addv2 has port an[0] driven by constant 0
WARNING: [Synth 8-3331] design my_addv2 has unconnected port led[15]
WARNING: [Synth 8-3331] design my_addv2 has unconnected port led[14]
WARNING: [Synth 8-3331] design my_addv2 has unconnected port led[13]
WARNING: [Synth 8-3331] design my_addv2 has unconnected port led[12]
WARNING: [Synth 8-3331] design my_addv2 has unconnected port led[11]
WARNING: [Synth 8-3331] design my_addv2 has unconnected port led[10]
WARNING: [Synth 8-3331] design my_addv2 has unconnected port led[9]
WARNING: [Synth 8-3331] design my_addv2 has unconnected port led[8]
WARNING: [Synth 8-3331] design my_addv2 has unconnected port led[7]
WARNING: [Synth 8-3331] design my_addv2 has unconnected port led[6]
WARNING: [Synth 8-3331] design my_addv2 has unconnected port led[5]
WARNING: [Synth 8-3331] design my_addv2 has unconnected port led[4]
WARNING: [Synth 8-3331] design my_addv2 has unconnected port sw[11]
WARNING: [Synth 8-3331] design my_addv2 has unconnected port sw[10]
WARNING: [Synth 8-3331] design my_addv2 has unconnected port sw[9]
WARNING: [Synth 8-3331] design my_addv2 has unconnected port sw[8]
WARNING: [Synth 8-3331] design my_addv2 has unconnected port sw[7]
WARNING: [Synth 8-3331] design my_addv2 has unconnected port sw[6]
WARNING: [Synth 8-3331] design my_addv2 has unconnected port sw[5]
WARNING: [Synth 8-3331] design my_addv2 has unconnected port sw[4]
---------------------------------------------------------------------------------
Finished Cross Boundary and Area Optimization : Time (s): cpu = 00:00:10 ; elapsed = 00:00:20 . Memory (MB): peak = 1562.383 ; gain = 369.727 ; free physical = 1059 ; free virtual = 11417
---------------------------------------------------------------------------------

Report RTL Partitions: 
+-+--------------+------------+----------+
| |RTL Partition |Replication |Instances |
+-+--------------+------------+----------+
+-+--------------+------------+----------+
---------------------------------------------------------------------------------
Start Applying XDC Timing Constraints
---------------------------------------------------------------------------------
---------------------------------------------------------------------------------
Finished Applying XDC Timing Constraints : Time (s): cpu = 00:00:16 ; elapsed = 00:00:27 . Memory (MB): peak = 1606.383 ; gain = 413.727 ; free physical = 936 ; free virtual = 11293
---------------------------------------------------------------------------------
---------------------------------------------------------------------------------
Start Timing Optimization
---------------------------------------------------------------------------------
---------------------------------------------------------------------------------
Finished Timing Optimization : Time (s): cpu = 00:00:16 ; elapsed = 00:00:27 . Memory (MB): peak = 1606.383 ; gain = 413.727 ; free physical = 936 ; free virtual = 11293
---------------------------------------------------------------------------------

Report RTL Partitions: 
+-+--------------+------------+----------+
| |RTL Partition |Replication |Instances |
+-+--------------+------------+----------+
+-+--------------+------------+----------+
---------------------------------------------------------------------------------
Start Technology Mapping
---------------------------------------------------------------------------------
---------------------------------------------------------------------------------
Finished Technology Mapping : Time (s): cpu = 00:00:16 ; elapsed = 00:00:27 . Memory (MB): peak = 1606.383 ; gain = 413.727 ; free physical = 936 ; free virtual = 11293
---------------------------------------------------------------------------------

Report RTL Partitions: 
+-+--------------+------------+----------+
| |RTL Partition |Replication |Instances |
+-+--------------+------------+----------+
+-+--------------+------------+----------+
---------------------------------------------------------------------------------
Start IO Insertion
---------------------------------------------------------------------------------
---------------------------------------------------------------------------------
Start Flattening Before IO Insertion
---------------------------------------------------------------------------------
---------------------------------------------------------------------------------
Finished Flattening Before IO Insertion
---------------------------------------------------------------------------------
---------------------------------------------------------------------------------
Start Final Netlist Cleanup
---------------------------------------------------------------------------------
---------------------------------------------------------------------------------
Finished Final Netlist Cleanup
---------------------------------------------------------------------------------
---------------------------------------------------------------------------------
Finished IO Insertion : Time (s): cpu = 00:00:16 ; elapsed = 00:00:28 . Memory (MB): peak = 1606.383 ; gain = 413.727 ; free physical = 936 ; free virtual = 11293
---------------------------------------------------------------------------------

Report Check Netlist: 
+------+------------------+-------+---------+-------+------------------+
|      |Item              |Errors |Warnings |Status |Description       |
+------+------------------+-------+---------+-------+------------------+
|1     |multi_driven_nets |      0|        0|Passed |Multi driven nets |
+------+------------------+-------+---------+-------+------------------+
---------------------------------------------------------------------------------
Start Renaming Generated Instances
---------------------------------------------------------------------------------
---------------------------------------------------------------------------------
Finished Renaming Generated Instances : Time (s): cpu = 00:00:16 ; elapsed = 00:00:28 . Memory (MB): peak = 1606.383 ; gain = 413.727 ; free physical = 936 ; free virtual = 11293
---------------------------------------------------------------------------------

Report RTL Partitions: 
+-+--------------+------------+----------+
| |RTL Partition |Replication |Instances |
+-+--------------+------------+----------+
+-+--------------+------------+----------+
---------------------------------------------------------------------------------
Start Rebuilding User Hierarchy
---------------------------------------------------------------------------------
---------------------------------------------------------------------------------
Finished Rebuilding User Hierarchy : Time (s): cpu = 00:00:16 ; elapsed = 00:00:28 . Memory (MB): peak = 1606.383 ; gain = 413.727 ; free physical = 936 ; free virtual = 11293
---------------------------------------------------------------------------------
---------------------------------------------------------------------------------
Start Renaming Generated Ports
---------------------------------------------------------------------------------
---------------------------------------------------------------------------------
Finished Renaming Generated Ports : Time (s): cpu = 00:00:16 ; elapsed = 00:00:28 . Memory (MB): peak = 1606.383 ; gain = 413.727 ; free physical = 936 ; free virtual = 11293
---------------------------------------------------------------------------------
---------------------------------------------------------------------------------
Start Handling Custom Attributes
---------------------------------------------------------------------------------
---------------------------------------------------------------------------------
Finished Handling Custom Attributes : Time (s): cpu = 00:00:16 ; elapsed = 00:00:28 . Memory (MB): peak = 1606.383 ; gain = 413.727 ; free physical = 936 ; free virtual = 11293
---------------------------------------------------------------------------------
---------------------------------------------------------------------------------
Start Renaming Generated Nets
---------------------------------------------------------------------------------
---------------------------------------------------------------------------------
Finished Renaming Generated Nets : Time (s): cpu = 00:00:16 ; elapsed = 00:00:28 . Memory (MB): peak = 1606.383 ; gain = 413.727 ; free physical = 936 ; free virtual = 11293
---------------------------------------------------------------------------------
---------------------------------------------------------------------------------
Start Writing Synthesis Report
---------------------------------------------------------------------------------

Report BlackBoxes: 
+-+--------------+----------+
| |BlackBox name |Instances |
+-+--------------+----------+
+-+--------------+----------+

Report Cell Usage: 
+------+------+------+
|      |Cell  |Count |
+------+------+------+
|1     |LUT2  |     1|
|2     |LUT3  |     2|
|3     |LUT4  |     1|
|4     |LUT6  |     2|
|5     |IBUF  |     8|
|6     |OBUF  |     9|
|7     |OBUFT |    12|
+------+------+------+

Report Instance Areas: 
+------+---------+-------+------+
|      |Instance |Module |Cells |
+------+---------+-------+------+
|1     |top      |       |    35|
+------+---------+-------+------+
---------------------------------------------------------------------------------
Finished Writing Synthesis Report : Time (s): cpu = 00:00:16 ; elapsed = 00:00:28 . Memory (MB): peak = 1606.383 ; gain = 413.727 ; free physical = 936 ; free virtual = 11293
---------------------------------------------------------------------------------
Synthesis finished with 0 errors, 0 critical warnings and 24 warnings.
Synthesis Optimization Runtime : Time (s): cpu = 00:00:10 ; elapsed = 00:00:14 . Memory (MB): peak = 1606.383 ; gain = 175.391 ; free physical = 990 ; free virtual = 11348
Synthesis Optimization Complete : Time (s): cpu = 00:00:16 ; elapsed = 00:00:28 . Memory (MB): peak = 1606.383 ; gain = 413.727 ; free physical = 990 ; free virtual = 11348
INFO: [Project 1-571] Translating synthesized netlist
INFO: [Netlist 29-17] Analyzing 8 Unisim elements for replacement
INFO: [Netlist 29-28] Unisim Transformation completed in 0 CPU seconds
INFO: [Project 1-570] Preparing netlist for logic optimization
INFO: [Opt 31-138] Pushed 0 inverter(s) to 0 load pin(s).
INFO: [Project 1-111] Unisim Transformation Summary:
No Unisim elements were transformed.

INFO: [Common 17-83] Releasing license: Synthesis
15 Infos, 100 Warnings, 52 Critical Warnings and 0 Errors encountered.
synth_design completed successfully
synth_design: Time (s): cpu = 00:00:17 ; elapsed = 00:00:29 . Memory (MB): peak = 1621.383 ; gain = 434.688 ; free physical = 970 ; free virtual = 11327
WARNING: [Constraints 18-5210] No constraint will be written out.
INFO: [Common 17-1381] The checkpoint '/home/m1/foiche/aeo/aeo/TP_1/TP_1.runs/synth_1/my_addv2.dcp' has been generated.
INFO: [runtcl-4] Executing : report_utilization -file my_addv2_utilization_synth.rpt -pb my_addv2_utilization_synth.pb
report_utilization: Time (s): cpu = 00:00:00.08 ; elapsed = 00:00:00.12 . Memory (MB): peak = 1645.395 ; gain = 0.000 ; free physical = 969 ; free virtual = 11327
INFO: [Common 17-206] Exiting Vivado at Fri Sep 21 10:22:55 2018...
