
*** Running vivado
    with args -log chenillard.vds -m64 -product Vivado -mode batch -messageDb vivado.pb -notrace -source chenillard.tcl


****** Vivado v2018.2 (64-bit)
  **** SW Build 2258646 on Thu Jun 14 20:02:38 MDT 2018
  **** IP Build 2256618 on Thu Jun 14 22:10:49 MDT 2018
    ** Copyright 1986-2018 Xilinx, Inc. All Rights Reserved.

source chenillard.tcl -notrace
Command: synth_design -top chenillard -part xc7a35tcpg236-1
Starting synth_design
Attempting to get a license for feature 'Synthesis' and/or device 'xc7a35t'
INFO: [Common 17-349] Got license for feature 'Synthesis' and/or device 'xc7a35t'
INFO: Launching helper process for spawning children vivado processes
INFO: Helper process launched with PID 14619 
---------------------------------------------------------------------------------
Starting RTL Elaboration : Time (s): cpu = 00:00:02 ; elapsed = 00:00:02 . Memory (MB): peak = 1275.277 ; gain = 86.844 ; free physical = 1510 ; free virtual = 11876
---------------------------------------------------------------------------------
INFO: [Synth 8-638] synthesizing module 'chenillard' [/home/tibo36/Documents/Info-SI/Master/M1S1/AEO/TP_4/TP_4_2.2/TP_4_2.2.srcs/sources_1/imports/new/chenillard.vhd:40]
INFO: [Synth 8-3491] module 'clk_div' declared at '/home/tibo36/Documents/Info-SI/Master/M1S1/AEO/TP_4/TP_4_2.2/TP_4_2.2.srcs/sources_1/imports/new/clk_div.vhd:35' bound to instance 'Inst_clk_div' of component 'clk_div' [/home/tibo36/Documents/Info-SI/Master/M1S1/AEO/TP_4/TP_4_2.2/TP_4_2.2.srcs/sources_1/imports/new/chenillard.vhd:57]
INFO: [Synth 8-638] synthesizing module 'clk_div' [/home/tibo36/Documents/Info-SI/Master/M1S1/AEO/TP_4/TP_4_2.2/TP_4_2.2.srcs/sources_1/imports/new/clk_div.vhd:40]
WARNING: [Synth 8-614] signal 'clk_4Hz_i' is read in the process but is not in the sensitivity list [/home/tibo36/Documents/Info-SI/Master/M1S1/AEO/TP_4/TP_4_2.2/TP_4_2.2.srcs/sources_1/imports/new/clk_div.vhd:46]
INFO: [Synth 8-256] done synthesizing module 'clk_div' (1#1) [/home/tibo36/Documents/Info-SI/Master/M1S1/AEO/TP_4/TP_4_2.2/TP_4_2.2.srcs/sources_1/imports/new/clk_div.vhd:40]
INFO: [Synth 8-3491] module 'shift_vector' declared at '/home/tibo36/Documents/Info-SI/Master/M1S1/AEO/TP_4/TP_4_2.2/TP_4_2.2.srcs/sources_1/imports/new/shift_vector.vhd:35' bound to instance 'Inst_shift_vector' of component 'shift_vector' [/home/tibo36/Documents/Info-SI/Master/M1S1/AEO/TP_4/TP_4_2.2/TP_4_2.2.srcs/sources_1/imports/new/chenillard.vhd:58]
INFO: [Synth 8-638] synthesizing module 'shift_vector' [/home/tibo36/Documents/Info-SI/Master/M1S1/AEO/TP_4/TP_4_2.2/TP_4_2.2.srcs/sources_1/imports/new/shift_vector.vhd:41]
INFO: [Synth 8-256] done synthesizing module 'shift_vector' (2#1) [/home/tibo36/Documents/Info-SI/Master/M1S1/AEO/TP_4/TP_4_2.2/TP_4_2.2.srcs/sources_1/imports/new/shift_vector.vhd:41]
INFO: [Synth 8-256] done synthesizing module 'chenillard' (3#1) [/home/tibo36/Documents/Info-SI/Master/M1S1/AEO/TP_4/TP_4_2.2/TP_4_2.2.srcs/sources_1/imports/new/chenillard.vhd:40]
---------------------------------------------------------------------------------
Finished RTL Elaboration : Time (s): cpu = 00:00:02 ; elapsed = 00:00:03 . Memory (MB): peak = 1319.902 ; gain = 131.469 ; free physical = 1523 ; free virtual = 11889
---------------------------------------------------------------------------------

Report Check Netlist: 
+------+------------------+-------+---------+-------+------------------+
|      |Item              |Errors |Warnings |Status |Description       |
+------+------------------+-------+---------+-------+------------------+
|1     |multi_driven_nets |      0|        0|Passed |Multi driven nets |
+------+------------------+-------+---------+-------+------------------+
---------------------------------------------------------------------------------
Start Handling Custom Attributes
---------------------------------------------------------------------------------
---------------------------------------------------------------------------------
Finished Handling Custom Attributes : Time (s): cpu = 00:00:02 ; elapsed = 00:00:03 . Memory (MB): peak = 1319.902 ; gain = 131.469 ; free physical = 1521 ; free virtual = 11888
---------------------------------------------------------------------------------
---------------------------------------------------------------------------------
Finished RTL Optimization Phase 1 : Time (s): cpu = 00:00:02 ; elapsed = 00:00:03 . Memory (MB): peak = 1319.902 ; gain = 131.469 ; free physical = 1521 ; free virtual = 11888
---------------------------------------------------------------------------------
INFO: [Device 21-403] Loading part xc7a35tcpg236-1
INFO: [Project 1-570] Preparing netlist for logic optimization

Processing XDC Constraints
Initializing timing engine
Parsing XDC File [/home/tibo36/Documents/Info-SI/Master/M1S1/AEO/TP_4/TP_4_2.2/TP_4_2.2.srcs/constrs_1/imports/TP_4/Basys3_Master.xdc]
WARNING: [Vivado 12-584] No ports matched 'seg[0]'. [/home/tibo36/Documents/Info-SI/Master/M1S1/AEO/TP_4/TP_4_2.2/TP_4_2.2.srcs/constrs_1/imports/TP_4/Basys3_Master.xdc:82]
CRITICAL WARNING: [Common 17-55] 'set_property' expects at least one object. [/home/tibo36/Documents/Info-SI/Master/M1S1/AEO/TP_4/TP_4_2.2/TP_4_2.2.srcs/constrs_1/imports/TP_4/Basys3_Master.xdc:82]
Resolution: If [get_<value>] was used to populate the object, check to make sure this command returns at least one valid object.
WARNING: [Vivado 12-584] No ports matched 'seg[0]'. [/home/tibo36/Documents/Info-SI/Master/M1S1/AEO/TP_4/TP_4_2.2/TP_4_2.2.srcs/constrs_1/imports/TP_4/Basys3_Master.xdc:83]
CRITICAL WARNING: [Common 17-55] 'set_property' expects at least one object. [/home/tibo36/Documents/Info-SI/Master/M1S1/AEO/TP_4/TP_4_2.2/TP_4_2.2.srcs/constrs_1/imports/TP_4/Basys3_Master.xdc:83]
Resolution: If [get_<value>] was used to populate the object, check to make sure this command returns at least one valid object.
WARNING: [Vivado 12-584] No ports matched 'seg[1]'. [/home/tibo36/Documents/Info-SI/Master/M1S1/AEO/TP_4/TP_4_2.2/TP_4_2.2.srcs/constrs_1/imports/TP_4/Basys3_Master.xdc:84]
CRITICAL WARNING: [Common 17-55] 'set_property' expects at least one object. [/home/tibo36/Documents/Info-SI/Master/M1S1/AEO/TP_4/TP_4_2.2/TP_4_2.2.srcs/constrs_1/imports/TP_4/Basys3_Master.xdc:84]
Resolution: If [get_<value>] was used to populate the object, check to make sure this command returns at least one valid object.
WARNING: [Vivado 12-584] No ports matched 'seg[1]'. [/home/tibo36/Documents/Info-SI/Master/M1S1/AEO/TP_4/TP_4_2.2/TP_4_2.2.srcs/constrs_1/imports/TP_4/Basys3_Master.xdc:85]
CRITICAL WARNING: [Common 17-55] 'set_property' expects at least one object. [/home/tibo36/Documents/Info-SI/Master/M1S1/AEO/TP_4/TP_4_2.2/TP_4_2.2.srcs/constrs_1/imports/TP_4/Basys3_Master.xdc:85]
Resolution: If [get_<value>] was used to populate the object, check to make sure this command returns at least one valid object.
WARNING: [Vivado 12-584] No ports matched 'seg[2]'. [/home/tibo36/Documents/Info-SI/Master/M1S1/AEO/TP_4/TP_4_2.2/TP_4_2.2.srcs/constrs_1/imports/TP_4/Basys3_Master.xdc:86]
CRITICAL WARNING: [Common 17-55] 'set_property' expects at least one object. [/home/tibo36/Documents/Info-SI/Master/M1S1/AEO/TP_4/TP_4_2.2/TP_4_2.2.srcs/constrs_1/imports/TP_4/Basys3_Master.xdc:86]
Resolution: If [get_<value>] was used to populate the object, check to make sure this command returns at least one valid object.
WARNING: [Vivado 12-584] No ports matched 'seg[2]'. [/home/tibo36/Documents/Info-SI/Master/M1S1/AEO/TP_4/TP_4_2.2/TP_4_2.2.srcs/constrs_1/imports/TP_4/Basys3_Master.xdc:87]
CRITICAL WARNING: [Common 17-55] 'set_property' expects at least one object. [/home/tibo36/Documents/Info-SI/Master/M1S1/AEO/TP_4/TP_4_2.2/TP_4_2.2.srcs/constrs_1/imports/TP_4/Basys3_Master.xdc:87]
Resolution: If [get_<value>] was used to populate the object, check to make sure this command returns at least one valid object.
WARNING: [Vivado 12-584] No ports matched 'seg[3]'. [/home/tibo36/Documents/Info-SI/Master/M1S1/AEO/TP_4/TP_4_2.2/TP_4_2.2.srcs/constrs_1/imports/TP_4/Basys3_Master.xdc:88]
CRITICAL WARNING: [Common 17-55] 'set_property' expects at least one object. [/home/tibo36/Documents/Info-SI/Master/M1S1/AEO/TP_4/TP_4_2.2/TP_4_2.2.srcs/constrs_1/imports/TP_4/Basys3_Master.xdc:88]
Resolution: If [get_<value>] was used to populate the object, check to make sure this command returns at least one valid object.
WARNING: [Vivado 12-584] No ports matched 'seg[3]'. [/home/tibo36/Documents/Info-SI/Master/M1S1/AEO/TP_4/TP_4_2.2/TP_4_2.2.srcs/constrs_1/imports/TP_4/Basys3_Master.xdc:89]
CRITICAL WARNING: [Common 17-55] 'set_property' expects at least one object. [/home/tibo36/Documents/Info-SI/Master/M1S1/AEO/TP_4/TP_4_2.2/TP_4_2.2.srcs/constrs_1/imports/TP_4/Basys3_Master.xdc:89]
Resolution: If [get_<value>] was used to populate the object, check to make sure this command returns at least one valid object.
WARNING: [Vivado 12-584] No ports matched 'seg[4]'. [/home/tibo36/Documents/Info-SI/Master/M1S1/AEO/TP_4/TP_4_2.2/TP_4_2.2.srcs/constrs_1/imports/TP_4/Basys3_Master.xdc:90]
CRITICAL WARNING: [Common 17-55] 'set_property' expects at least one object. [/home/tibo36/Documents/Info-SI/Master/M1S1/AEO/TP_4/TP_4_2.2/TP_4_2.2.srcs/constrs_1/imports/TP_4/Basys3_Master.xdc:90]
Resolution: If [get_<value>] was used to populate the object, check to make sure this command returns at least one valid object.
WARNING: [Vivado 12-584] No ports matched 'seg[4]'. [/home/tibo36/Documents/Info-SI/Master/M1S1/AEO/TP_4/TP_4_2.2/TP_4_2.2.srcs/constrs_1/imports/TP_4/Basys3_Master.xdc:91]
CRITICAL WARNING: [Common 17-55] 'set_property' expects at least one object. [/home/tibo36/Documents/Info-SI/Master/M1S1/AEO/TP_4/TP_4_2.2/TP_4_2.2.srcs/constrs_1/imports/TP_4/Basys3_Master.xdc:91]
Resolution: If [get_<value>] was used to populate the object, check to make sure this command returns at least one valid object.
WARNING: [Vivado 12-584] No ports matched 'seg[5]'. [/home/tibo36/Documents/Info-SI/Master/M1S1/AEO/TP_4/TP_4_2.2/TP_4_2.2.srcs/constrs_1/imports/TP_4/Basys3_Master.xdc:92]
CRITICAL WARNING: [Common 17-55] 'set_property' expects at least one object. [/home/tibo36/Documents/Info-SI/Master/M1S1/AEO/TP_4/TP_4_2.2/TP_4_2.2.srcs/constrs_1/imports/TP_4/Basys3_Master.xdc:92]
Resolution: If [get_<value>] was used to populate the object, check to make sure this command returns at least one valid object.
WARNING: [Vivado 12-584] No ports matched 'seg[5]'. [/home/tibo36/Documents/Info-SI/Master/M1S1/AEO/TP_4/TP_4_2.2/TP_4_2.2.srcs/constrs_1/imports/TP_4/Basys3_Master.xdc:93]
CRITICAL WARNING: [Common 17-55] 'set_property' expects at least one object. [/home/tibo36/Documents/Info-SI/Master/M1S1/AEO/TP_4/TP_4_2.2/TP_4_2.2.srcs/constrs_1/imports/TP_4/Basys3_Master.xdc:93]
Resolution: If [get_<value>] was used to populate the object, check to make sure this command returns at least one valid object.
WARNING: [Vivado 12-584] No ports matched 'seg[6]'. [/home/tibo36/Documents/Info-SI/Master/M1S1/AEO/TP_4/TP_4_2.2/TP_4_2.2.srcs/constrs_1/imports/TP_4/Basys3_Master.xdc:94]
CRITICAL WARNING: [Common 17-55] 'set_property' expects at least one object. [/home/tibo36/Documents/Info-SI/Master/M1S1/AEO/TP_4/TP_4_2.2/TP_4_2.2.srcs/constrs_1/imports/TP_4/Basys3_Master.xdc:94]
Resolution: If [get_<value>] was used to populate the object, check to make sure this command returns at least one valid object.
WARNING: [Vivado 12-584] No ports matched 'seg[6]'. [/home/tibo36/Documents/Info-SI/Master/M1S1/AEO/TP_4/TP_4_2.2/TP_4_2.2.srcs/constrs_1/imports/TP_4/Basys3_Master.xdc:95]
CRITICAL WARNING: [Common 17-55] 'set_property' expects at least one object. [/home/tibo36/Documents/Info-SI/Master/M1S1/AEO/TP_4/TP_4_2.2/TP_4_2.2.srcs/constrs_1/imports/TP_4/Basys3_Master.xdc:95]
Resolution: If [get_<value>] was used to populate the object, check to make sure this command returns at least one valid object.
WARNING: [Vivado 12-584] No ports matched 'an[0]'. [/home/tibo36/Documents/Info-SI/Master/M1S1/AEO/TP_4/TP_4_2.2/TP_4_2.2.srcs/constrs_1/imports/TP_4/Basys3_Master.xdc:100]
CRITICAL WARNING: [Common 17-55] 'set_property' expects at least one object. [/home/tibo36/Documents/Info-SI/Master/M1S1/AEO/TP_4/TP_4_2.2/TP_4_2.2.srcs/constrs_1/imports/TP_4/Basys3_Master.xdc:100]
Resolution: If [get_<value>] was used to populate the object, check to make sure this command returns at least one valid object.
WARNING: [Vivado 12-584] No ports matched 'an[0]'. [/home/tibo36/Documents/Info-SI/Master/M1S1/AEO/TP_4/TP_4_2.2/TP_4_2.2.srcs/constrs_1/imports/TP_4/Basys3_Master.xdc:101]
CRITICAL WARNING: [Common 17-55] 'set_property' expects at least one object. [/home/tibo36/Documents/Info-SI/Master/M1S1/AEO/TP_4/TP_4_2.2/TP_4_2.2.srcs/constrs_1/imports/TP_4/Basys3_Master.xdc:101]
Resolution: If [get_<value>] was used to populate the object, check to make sure this command returns at least one valid object.
WARNING: [Vivado 12-584] No ports matched 'an[1]'. [/home/tibo36/Documents/Info-SI/Master/M1S1/AEO/TP_4/TP_4_2.2/TP_4_2.2.srcs/constrs_1/imports/TP_4/Basys3_Master.xdc:102]
CRITICAL WARNING: [Common 17-55] 'set_property' expects at least one object. [/home/tibo36/Documents/Info-SI/Master/M1S1/AEO/TP_4/TP_4_2.2/TP_4_2.2.srcs/constrs_1/imports/TP_4/Basys3_Master.xdc:102]
Resolution: If [get_<value>] was used to populate the object, check to make sure this command returns at least one valid object.
WARNING: [Vivado 12-584] No ports matched 'an[1]'. [/home/tibo36/Documents/Info-SI/Master/M1S1/AEO/TP_4/TP_4_2.2/TP_4_2.2.srcs/constrs_1/imports/TP_4/Basys3_Master.xdc:103]
CRITICAL WARNING: [Common 17-55] 'set_property' expects at least one object. [/home/tibo36/Documents/Info-SI/Master/M1S1/AEO/TP_4/TP_4_2.2/TP_4_2.2.srcs/constrs_1/imports/TP_4/Basys3_Master.xdc:103]
Resolution: If [get_<value>] was used to populate the object, check to make sure this command returns at least one valid object.
WARNING: [Vivado 12-584] No ports matched 'an[2]'. [/home/tibo36/Documents/Info-SI/Master/M1S1/AEO/TP_4/TP_4_2.2/TP_4_2.2.srcs/constrs_1/imports/TP_4/Basys3_Master.xdc:104]
CRITICAL WARNING: [Common 17-55] 'set_property' expects at least one object. [/home/tibo36/Documents/Info-SI/Master/M1S1/AEO/TP_4/TP_4_2.2/TP_4_2.2.srcs/constrs_1/imports/TP_4/Basys3_Master.xdc:104]
Resolution: If [get_<value>] was used to populate the object, check to make sure this command returns at least one valid object.
WARNING: [Vivado 12-584] No ports matched 'an[2]'. [/home/tibo36/Documents/Info-SI/Master/M1S1/AEO/TP_4/TP_4_2.2/TP_4_2.2.srcs/constrs_1/imports/TP_4/Basys3_Master.xdc:105]
CRITICAL WARNING: [Common 17-55] 'set_property' expects at least one object. [/home/tibo36/Documents/Info-SI/Master/M1S1/AEO/TP_4/TP_4_2.2/TP_4_2.2.srcs/constrs_1/imports/TP_4/Basys3_Master.xdc:105]
Resolution: If [get_<value>] was used to populate the object, check to make sure this command returns at least one valid object.
WARNING: [Vivado 12-584] No ports matched 'an[3]'. [/home/tibo36/Documents/Info-SI/Master/M1S1/AEO/TP_4/TP_4_2.2/TP_4_2.2.srcs/constrs_1/imports/TP_4/Basys3_Master.xdc:106]
CRITICAL WARNING: [Common 17-55] 'set_property' expects at least one object. [/home/tibo36/Documents/Info-SI/Master/M1S1/AEO/TP_4/TP_4_2.2/TP_4_2.2.srcs/constrs_1/imports/TP_4/Basys3_Master.xdc:106]
Resolution: If [get_<value>] was used to populate the object, check to make sure this command returns at least one valid object.
WARNING: [Vivado 12-584] No ports matched 'an[3]'. [/home/tibo36/Documents/Info-SI/Master/M1S1/AEO/TP_4/TP_4_2.2/TP_4_2.2.srcs/constrs_1/imports/TP_4/Basys3_Master.xdc:107]
CRITICAL WARNING: [Common 17-55] 'set_property' expects at least one object. [/home/tibo36/Documents/Info-SI/Master/M1S1/AEO/TP_4/TP_4_2.2/TP_4_2.2.srcs/constrs_1/imports/TP_4/Basys3_Master.xdc:107]
Resolution: If [get_<value>] was used to populate the object, check to make sure this command returns at least one valid object.
WARNING: [Vivado 12-584] No ports matched 'btnC'. [/home/tibo36/Documents/Info-SI/Master/M1S1/AEO/TP_4/TP_4_2.2/TP_4_2.2.srcs/constrs_1/imports/TP_4/Basys3_Master.xdc:111]
CRITICAL WARNING: [Common 17-55] 'set_property' expects at least one object. [/home/tibo36/Documents/Info-SI/Master/M1S1/AEO/TP_4/TP_4_2.2/TP_4_2.2.srcs/constrs_1/imports/TP_4/Basys3_Master.xdc:111]
Resolution: If [get_<value>] was used to populate the object, check to make sure this command returns at least one valid object.
WARNING: [Vivado 12-584] No ports matched 'btnC'. [/home/tibo36/Documents/Info-SI/Master/M1S1/AEO/TP_4/TP_4_2.2/TP_4_2.2.srcs/constrs_1/imports/TP_4/Basys3_Master.xdc:112]
CRITICAL WARNING: [Common 17-55] 'set_property' expects at least one object. [/home/tibo36/Documents/Info-SI/Master/M1S1/AEO/TP_4/TP_4_2.2/TP_4_2.2.srcs/constrs_1/imports/TP_4/Basys3_Master.xdc:112]
Resolution: If [get_<value>] was used to populate the object, check to make sure this command returns at least one valid object.
WARNING: [Vivado 12-584] No ports matched 'btnU'. [/home/tibo36/Documents/Info-SI/Master/M1S1/AEO/TP_4/TP_4_2.2/TP_4_2.2.srcs/constrs_1/imports/TP_4/Basys3_Master.xdc:113]
CRITICAL WARNING: [Common 17-55] 'set_property' expects at least one object. [/home/tibo36/Documents/Info-SI/Master/M1S1/AEO/TP_4/TP_4_2.2/TP_4_2.2.srcs/constrs_1/imports/TP_4/Basys3_Master.xdc:113]
Resolution: If [get_<value>] was used to populate the object, check to make sure this command returns at least one valid object.
WARNING: [Vivado 12-584] No ports matched 'btnU'. [/home/tibo36/Documents/Info-SI/Master/M1S1/AEO/TP_4/TP_4_2.2/TP_4_2.2.srcs/constrs_1/imports/TP_4/Basys3_Master.xdc:114]
CRITICAL WARNING: [Common 17-55] 'set_property' expects at least one object. [/home/tibo36/Documents/Info-SI/Master/M1S1/AEO/TP_4/TP_4_2.2/TP_4_2.2.srcs/constrs_1/imports/TP_4/Basys3_Master.xdc:114]
Resolution: If [get_<value>] was used to populate the object, check to make sure this command returns at least one valid object.
WARNING: [Vivado 12-584] No ports matched 'btnL'. [/home/tibo36/Documents/Info-SI/Master/M1S1/AEO/TP_4/TP_4_2.2/TP_4_2.2.srcs/constrs_1/imports/TP_4/Basys3_Master.xdc:115]
CRITICAL WARNING: [Common 17-55] 'set_property' expects at least one object. [/home/tibo36/Documents/Info-SI/Master/M1S1/AEO/TP_4/TP_4_2.2/TP_4_2.2.srcs/constrs_1/imports/TP_4/Basys3_Master.xdc:115]
Resolution: If [get_<value>] was used to populate the object, check to make sure this command returns at least one valid object.
WARNING: [Vivado 12-584] No ports matched 'btnL'. [/home/tibo36/Documents/Info-SI/Master/M1S1/AEO/TP_4/TP_4_2.2/TP_4_2.2.srcs/constrs_1/imports/TP_4/Basys3_Master.xdc:116]
CRITICAL WARNING: [Common 17-55] 'set_property' expects at least one object. [/home/tibo36/Documents/Info-SI/Master/M1S1/AEO/TP_4/TP_4_2.2/TP_4_2.2.srcs/constrs_1/imports/TP_4/Basys3_Master.xdc:116]
Resolution: If [get_<value>] was used to populate the object, check to make sure this command returns at least one valid object.
WARNING: [Vivado 12-584] No ports matched 'btnR'. [/home/tibo36/Documents/Info-SI/Master/M1S1/AEO/TP_4/TP_4_2.2/TP_4_2.2.srcs/constrs_1/imports/TP_4/Basys3_Master.xdc:117]
CRITICAL WARNING: [Common 17-55] 'set_property' expects at least one object. [/home/tibo36/Documents/Info-SI/Master/M1S1/AEO/TP_4/TP_4_2.2/TP_4_2.2.srcs/constrs_1/imports/TP_4/Basys3_Master.xdc:117]
Resolution: If [get_<value>] was used to populate the object, check to make sure this command returns at least one valid object.
WARNING: [Vivado 12-584] No ports matched 'btnR'. [/home/tibo36/Documents/Info-SI/Master/M1S1/AEO/TP_4/TP_4_2.2/TP_4_2.2.srcs/constrs_1/imports/TP_4/Basys3_Master.xdc:118]
CRITICAL WARNING: [Common 17-55] 'set_property' expects at least one object. [/home/tibo36/Documents/Info-SI/Master/M1S1/AEO/TP_4/TP_4_2.2/TP_4_2.2.srcs/constrs_1/imports/TP_4/Basys3_Master.xdc:118]
Resolution: If [get_<value>] was used to populate the object, check to make sure this command returns at least one valid object.
WARNING: [Vivado 12-584] No ports matched 'btnD'. [/home/tibo36/Documents/Info-SI/Master/M1S1/AEO/TP_4/TP_4_2.2/TP_4_2.2.srcs/constrs_1/imports/TP_4/Basys3_Master.xdc:119]
CRITICAL WARNING: [Common 17-55] 'set_property' expects at least one object. [/home/tibo36/Documents/Info-SI/Master/M1S1/AEO/TP_4/TP_4_2.2/TP_4_2.2.srcs/constrs_1/imports/TP_4/Basys3_Master.xdc:119]
Resolution: If [get_<value>] was used to populate the object, check to make sure this command returns at least one valid object.
WARNING: [Vivado 12-584] No ports matched 'btnD'. [/home/tibo36/Documents/Info-SI/Master/M1S1/AEO/TP_4/TP_4_2.2/TP_4_2.2.srcs/constrs_1/imports/TP_4/Basys3_Master.xdc:120]
CRITICAL WARNING: [Common 17-55] 'set_property' expects at least one object. [/home/tibo36/Documents/Info-SI/Master/M1S1/AEO/TP_4/TP_4_2.2/TP_4_2.2.srcs/constrs_1/imports/TP_4/Basys3_Master.xdc:120]
Resolution: If [get_<value>] was used to populate the object, check to make sure this command returns at least one valid object.
Finished Parsing XDC File [/home/tibo36/Documents/Info-SI/Master/M1S1/AEO/TP_4/TP_4_2.2/TP_4_2.2.srcs/constrs_1/imports/TP_4/Basys3_Master.xdc]
INFO: [Project 1-236] Implementation specific constraints were found while reading constraint file [/home/tibo36/Documents/Info-SI/Master/M1S1/AEO/TP_4/TP_4_2.2/TP_4_2.2.srcs/constrs_1/imports/TP_4/Basys3_Master.xdc]. These constraints will be ignored for synthesis but will be used in implementation. Impacted constraints are listed in the file [.Xil/chenillard_propImpl.xdc].
Resolution: To avoid this warning, move constraints listed in [.Xil/chenillard_propImpl.xdc] to another XDC file and exclude this new file from synthesis with the used_in_synthesis property (File Properties dialog in GUI) and re-run elaboration/synthesis.
Completed Processing XDC Constraints

INFO: [Project 1-111] Unisim Transformation Summary:
No Unisim elements were transformed.

Constraint Validation Runtime : Time (s): cpu = 00:00:00 ; elapsed = 00:00:00 . Memory (MB): peak = 1612.238 ; gain = 0.000 ; free physical = 1274 ; free virtual = 11641
---------------------------------------------------------------------------------
Finished Constraint Validation : Time (s): cpu = 00:00:11 ; elapsed = 00:00:22 . Memory (MB): peak = 1612.238 ; gain = 423.805 ; free physical = 1350 ; free virtual = 11717
---------------------------------------------------------------------------------
---------------------------------------------------------------------------------
Start Loading Part and Timing Information
---------------------------------------------------------------------------------
Loading part: xc7a35tcpg236-1
---------------------------------------------------------------------------------
Finished Loading Part and Timing Information : Time (s): cpu = 00:00:11 ; elapsed = 00:00:22 . Memory (MB): peak = 1612.238 ; gain = 423.805 ; free physical = 1350 ; free virtual = 11717
---------------------------------------------------------------------------------
---------------------------------------------------------------------------------
Start Applying 'set_property' XDC Constraints
---------------------------------------------------------------------------------
---------------------------------------------------------------------------------
Finished applying 'set_property' XDC Constraints : Time (s): cpu = 00:00:11 ; elapsed = 00:00:22 . Memory (MB): peak = 1612.238 ; gain = 423.805 ; free physical = 1352 ; free virtual = 11719
---------------------------------------------------------------------------------
INFO: [Synth 8-5546] ROM "clk_4Hz_i" won't be mapped to RAM because it is too sparse
INFO: [Synth 8-5818] HDL ADVISOR - The operator resource <adder> is shared. To prevent sharing consider applying a KEEP on the output of the operator [/home/tibo36/Documents/Info-SI/Master/M1S1/AEO/TP_4/TP_4_2.2/TP_4_2.2.srcs/sources_1/imports/new/shift_vector.vhd:51]
---------------------------------------------------------------------------------
Finished RTL Optimization Phase 2 : Time (s): cpu = 00:00:11 ; elapsed = 00:00:23 . Memory (MB): peak = 1612.238 ; gain = 423.805 ; free physical = 1343 ; free virtual = 11710
---------------------------------------------------------------------------------

Report RTL Partitions: 
+-+--------------+------------+----------+
| |RTL Partition |Replication |Instances |
+-+--------------+------------+----------+
+-+--------------+------------+----------+
---------------------------------------------------------------------------------
Start RTL Component Statistics 
---------------------------------------------------------------------------------
Detailed RTL Component Info : 
+---Adders : 
	   2 Input     24 Bit       Adders := 1     
+---Registers : 
	               24 Bit    Registers := 1     
	               16 Bit    Registers := 1     
	                1 Bit    Registers := 2     
+---Muxes : 
	   2 Input     24 Bit        Muxes := 1     
	   2 Input     16 Bit        Muxes := 1     
	   2 Input      1 Bit        Muxes := 2     
---------------------------------------------------------------------------------
Finished RTL Component Statistics 
---------------------------------------------------------------------------------
---------------------------------------------------------------------------------
Start RTL Hierarchical Component Statistics 
---------------------------------------------------------------------------------
Hierarchical RTL Component report 
Module clk_div 
Detailed RTL Component Info : 
+---Adders : 
	   2 Input     24 Bit       Adders := 1     
+---Registers : 
	               24 Bit    Registers := 1     
	                1 Bit    Registers := 1     
+---Muxes : 
	   2 Input     24 Bit        Muxes := 1     
	   2 Input      1 Bit        Muxes := 1     
Module shift_vector 
Detailed RTL Component Info : 
+---Registers : 
	               16 Bit    Registers := 1     
	                1 Bit    Registers := 1     
+---Muxes : 
	   2 Input     16 Bit        Muxes := 1     
	   2 Input      1 Bit        Muxes := 1     
---------------------------------------------------------------------------------
Finished RTL Hierarchical Component Statistics
---------------------------------------------------------------------------------
---------------------------------------------------------------------------------
Start Part Resource Summary
---------------------------------------------------------------------------------
Part Resources:
DSPs: 90 (col length:60)
BRAMs: 100 (col length: RAMB18 60 RAMB36 30)
---------------------------------------------------------------------------------
Finished Part Resource Summary
---------------------------------------------------------------------------------
---------------------------------------------------------------------------------
Start Cross Boundary and Area Optimization
---------------------------------------------------------------------------------
Warning: Parallel synthesis criteria is not met 
INFO: [Synth 8-5546] ROM "Inst_clk_div/clk_4Hz_i" won't be mapped to RAM because it is too sparse
---------------------------------------------------------------------------------
Finished Cross Boundary and Area Optimization : Time (s): cpu = 00:00:12 ; elapsed = 00:00:23 . Memory (MB): peak = 1612.238 ; gain = 423.805 ; free physical = 1332 ; free virtual = 11701
---------------------------------------------------------------------------------

Report RTL Partitions: 
+-+--------------+------------+----------+
| |RTL Partition |Replication |Instances |
+-+--------------+------------+----------+
+-+--------------+------------+----------+
---------------------------------------------------------------------------------
Start Applying XDC Timing Constraints
---------------------------------------------------------------------------------
---------------------------------------------------------------------------------
Finished Applying XDC Timing Constraints : Time (s): cpu = 00:00:17 ; elapsed = 00:00:31 . Memory (MB): peak = 1612.238 ; gain = 423.805 ; free physical = 1207 ; free virtual = 11576
---------------------------------------------------------------------------------
---------------------------------------------------------------------------------
Start Timing Optimization
---------------------------------------------------------------------------------
---------------------------------------------------------------------------------
Finished Timing Optimization : Time (s): cpu = 00:00:17 ; elapsed = 00:00:31 . Memory (MB): peak = 1632.270 ; gain = 443.836 ; free physical = 1206 ; free virtual = 11575
---------------------------------------------------------------------------------

Report RTL Partitions: 
+-+--------------+------------+----------+
| |RTL Partition |Replication |Instances |
+-+--------------+------------+----------+
+-+--------------+------------+----------+
---------------------------------------------------------------------------------
Start Technology Mapping
---------------------------------------------------------------------------------
---------------------------------------------------------------------------------
Finished Technology Mapping : Time (s): cpu = 00:00:18 ; elapsed = 00:00:32 . Memory (MB): peak = 1632.270 ; gain = 443.836 ; free physical = 1206 ; free virtual = 11575
---------------------------------------------------------------------------------

Report RTL Partitions: 
+-+--------------+------------+----------+
| |RTL Partition |Replication |Instances |
+-+--------------+------------+----------+
+-+--------------+------------+----------+
---------------------------------------------------------------------------------
Start IO Insertion
---------------------------------------------------------------------------------
---------------------------------------------------------------------------------
Start Flattening Before IO Insertion
---------------------------------------------------------------------------------
---------------------------------------------------------------------------------
Finished Flattening Before IO Insertion
---------------------------------------------------------------------------------
---------------------------------------------------------------------------------
Start Final Netlist Cleanup
---------------------------------------------------------------------------------
---------------------------------------------------------------------------------
Finished Final Netlist Cleanup
---------------------------------------------------------------------------------
---------------------------------------------------------------------------------
Finished IO Insertion : Time (s): cpu = 00:00:18 ; elapsed = 00:00:32 . Memory (MB): peak = 1632.270 ; gain = 443.836 ; free physical = 1206 ; free virtual = 11575
---------------------------------------------------------------------------------

Report Check Netlist: 
+------+------------------+-------+---------+-------+------------------+
|      |Item              |Errors |Warnings |Status |Description       |
+------+------------------+-------+---------+-------+------------------+
|1     |multi_driven_nets |      0|        0|Passed |Multi driven nets |
+------+------------------+-------+---------+-------+------------------+
---------------------------------------------------------------------------------
Start Renaming Generated Instances
---------------------------------------------------------------------------------
---------------------------------------------------------------------------------
Finished Renaming Generated Instances : Time (s): cpu = 00:00:18 ; elapsed = 00:00:32 . Memory (MB): peak = 1632.270 ; gain = 443.836 ; free physical = 1206 ; free virtual = 11575
---------------------------------------------------------------------------------

Report RTL Partitions: 
+-+--------------+------------+----------+
| |RTL Partition |Replication |Instances |
+-+--------------+------------+----------+
+-+--------------+------------+----------+
---------------------------------------------------------------------------------
Start Rebuilding User Hierarchy
---------------------------------------------------------------------------------
---------------------------------------------------------------------------------
Finished Rebuilding User Hierarchy : Time (s): cpu = 00:00:18 ; elapsed = 00:00:32 . Memory (MB): peak = 1632.270 ; gain = 443.836 ; free physical = 1206 ; free virtual = 11575
---------------------------------------------------------------------------------
---------------------------------------------------------------------------------
Start Renaming Generated Ports
---------------------------------------------------------------------------------
---------------------------------------------------------------------------------
Finished Renaming Generated Ports : Time (s): cpu = 00:00:18 ; elapsed = 00:00:32 . Memory (MB): peak = 1632.270 ; gain = 443.836 ; free physical = 1206 ; free virtual = 11575
---------------------------------------------------------------------------------
---------------------------------------------------------------------------------
Start Handling Custom Attributes
---------------------------------------------------------------------------------
---------------------------------------------------------------------------------
Finished Handling Custom Attributes : Time (s): cpu = 00:00:18 ; elapsed = 00:00:32 . Memory (MB): peak = 1632.270 ; gain = 443.836 ; free physical = 1206 ; free virtual = 11575
---------------------------------------------------------------------------------
---------------------------------------------------------------------------------
Start Renaming Generated Nets
---------------------------------------------------------------------------------
---------------------------------------------------------------------------------
Finished Renaming Generated Nets : Time (s): cpu = 00:00:18 ; elapsed = 00:00:32 . Memory (MB): peak = 1632.270 ; gain = 443.836 ; free physical = 1206 ; free virtual = 11575
---------------------------------------------------------------------------------
---------------------------------------------------------------------------------
Start Writing Synthesis Report
---------------------------------------------------------------------------------

Report BlackBoxes: 
+-+--------------+----------+
| |BlackBox name |Instances |
+-+--------------+----------+
+-+--------------+----------+

Report Cell Usage: 
+------+-------+------+
|      |Cell   |Count |
+------+-------+------+
|1     |BUFG   |     1|
|2     |CARRY4 |     7|
|3     |LUT2   |     2|
|4     |LUT3   |     2|
|5     |LUT4   |     5|
|6     |LUT5   |     2|
|7     |LUT6   |    25|
|8     |MUXF7  |     2|
|9     |FDRE   |    46|
|10    |IBUF   |    17|
|11    |OBUF   |    16|
+------+-------+------+

Report Instance Areas: 
+------+--------------------+-------------+------+
|      |Instance            |Module       |Cells |
+------+--------------------+-------------+------+
|1     |top                 |             |   125|
|2     |  Inst_clk_div      |clk_div      |    41|
|3     |  Inst_shift_vector |shift_vector |    50|
+------+--------------------+-------------+------+
---------------------------------------------------------------------------------
Finished Writing Synthesis Report : Time (s): cpu = 00:00:18 ; elapsed = 00:00:32 . Memory (MB): peak = 1632.270 ; gain = 443.836 ; free physical = 1206 ; free virtual = 11575
---------------------------------------------------------------------------------
Synthesis finished with 0 errors, 0 critical warnings and 0 warnings.
Synthesis Optimization Runtime : Time (s): cpu = 00:00:12 ; elapsed = 00:00:15 . Memory (MB): peak = 1632.270 ; gain = 151.500 ; free physical = 1260 ; free virtual = 11629
Synthesis Optimization Complete : Time (s): cpu = 00:00:18 ; elapsed = 00:00:32 . Memory (MB): peak = 1632.277 ; gain = 443.836 ; free physical = 1260 ; free virtual = 11629
INFO: [Project 1-571] Translating synthesized netlist
INFO: [Netlist 29-17] Analyzing 26 Unisim elements for replacement
INFO: [Netlist 29-28] Unisim Transformation completed in 0 CPU seconds
INFO: [Project 1-570] Preparing netlist for logic optimization
INFO: [Opt 31-138] Pushed 0 inverter(s) to 0 load pin(s).
INFO: [Project 1-111] Unisim Transformation Summary:
No Unisim elements were transformed.

INFO: [Common 17-83] Releasing license: Synthesis
23 Infos, 33 Warnings, 32 Critical Warnings and 0 Errors encountered.
synth_design completed successfully
synth_design: Time (s): cpu = 00:00:20 ; elapsed = 00:00:33 . Memory (MB): peak = 1632.277 ; gain = 449.727 ; free physical = 1259 ; free virtual = 11628
WARNING: [Constraints 18-5210] No constraint will be written out.
INFO: [Common 17-1381] The checkpoint '/home/tibo36/Documents/Info-SI/Master/M1S1/AEO/TP_4/TP_4_2.2/TP_4_2.2.runs/synth_1/chenillard.dcp' has been generated.
INFO: [runtcl-4] Executing : report_utilization -file chenillard_utilization_synth.rpt -pb chenillard_utilization_synth.pb
report_utilization: Time (s): cpu = 00:00:00.08 ; elapsed = 00:00:00.10 . Memory (MB): peak = 1656.281 ; gain = 0.000 ; free physical = 1260 ; free virtual = 11628
INFO: [Common 17-206] Exiting Vivado at Thu Oct  4 15:45:37 2018...
