Copyright 1986-2018 Xilinx, Inc. All Rights Reserved.
-------------------------------------------------------------------------------------
| Tool Version : Vivado v.2018.2 (lin64) Build 2258646 Thu Jun 14 20:02:38 MDT 2018
| Date         : Wed Dec 12 15:49:59 2018
| Host         : tibo36-Inspiron-5567 running 64-bit Ubuntu 18.04.1 LTS
| Command      : report_control_sets -verbose -file Basys3V6_control_sets_placed.rpt
| Design       : Basys3V6
| Device       : xc7a35t
-------------------------------------------------------------------------------------

Control Set Information

Table of Contents
-----------------
1. Summary
2. Histogram
3. Flip-Flop Distribution
4. Detailed Control Set Information

1. Summary
----------

+----------------------------------------------------------+-------+
|                          Status                          | Count |
+----------------------------------------------------------+-------+
| Number of unique control sets                            |    58 |
| Unused register locations in slices containing registers |    42 |
+----------------------------------------------------------+-------+


2. Histogram
------------

+--------+--------------+
| Fanout | Control Sets |
+--------+--------------+
|      8 |            5 |
|     10 |            1 |
|     12 |            2 |
|     14 |            1 |
|    16+ |           49 |
+--------+--------------+


3. Flip-Flop Distribution
-------------------------

+--------------+-----------------------+------------------------+-----------------+--------------+
| Clock Enable | Synchronous Set/Reset | Asynchronous Set/Reset | Total Registers | Total Slices |
+--------------+-----------------------+------------------------+-----------------+--------------+
| No           | No                    | No                     |            8310 |         1171 |
| No           | No                    | Yes                    |               0 |            0 |
| No           | Yes                   | No                     |             370 |           65 |
| Yes          | No                    | No                     |            1090 |          224 |
| Yes          | No                    | Yes                    |              30 |            3 |
| Yes          | Yes                   | No                     |             318 |           89 |
+--------------+-----------------------+------------------------+-----------------+--------------+


4. Detailed Control Set Information
-----------------------------------

+---------------------------------------+-----------------------------------------------------------------------------------------------------------------+----------------------------------------------------+------------------+----------------+
|              Clock Signal             |                                                  Enable Signal                                                  |                  Set/Reset Signal                  | Slice Load Count | Bel Load Count |
+---------------------------------------+-----------------------------------------------------------------------------------------------------------------+----------------------------------------------------+------------------+----------------+
|  UART_Wrapper/uart_baudClock_inst/CLK | UART_Wrapper/Inst_uart_rx/rx_busy_reg_n_0                                                                       | UART_Wrapper/Inst_uart_rx/rx_sample_cnt[3]_i_1_n_0 |                1 |              8 |
|  UART_Wrapper/uart_baudClock_inst/CLK | UART_Wrapper/Inst_uart_rx/rx_cnt[3]_i_1_n_0                                                                     |                                                    |                2 |              8 |
| ~clk_gen/inst/clk_out2                | my_Master/HCU_Master/Inst_returnstack/stack_ptr[3]_i_1_n_0                                                      |                                                    |                2 |              8 |
|  clk_gen/inst/clk_out2                | My_arbitre/FSM_sequential_state[3]_i_1_n_0                                                                      | reset                                              |                1 |              8 |
|  clk_gen/inst/clk_out2                | my_Master/HCU_Master/inslocal[14]_i_1_n_0                                                                       |                                                    |                1 |              8 |
|  UART_Wrapper/uart_baudClock_inst/CLK |                                                                                                                 |                                                    |                1 |             10 |
|  clk_gen/inst/clk_out1                | My_E190/E[0]                                                                                                    |                                                    |                2 |             12 |
|  clk_gen/inst/clk_out2                |                                                                                                                 | my_Master/HCU_Master/SR[0]                         |                2 |             12 |
|  clk_gen/inst/clk_out2                | UART_Wrapper/Inst_uart_dispatch/nextbit[6]_i_2_n_0                                                              | UART_Wrapper/Inst_uart_dispatch/nextbit[6]_i_1_n_0 |                3 |             14 |
|  clk_gen/inst/clk_out2                | UART_Wrapper/pulse_shift/E[1]                                                                                   |                                                    |                1 |             16 |
|  clk_gen/inst/clk_out2                | UART_Wrapper/pulse_shift/E[0]                                                                                   |                                                    |                2 |             16 |
|  clk_gen/inst/clk_out2                | UART_Wrapper/pulse_shift/E[2]                                                                                   |                                                    |                3 |             16 |
|  clk_gen/inst/clk_out2                | UART_Wrapper/pulse_shift/E[3]                                                                                   |                                                    |                2 |             16 |
|  clk_gen/inst/clk_out2                | UART_Wrapper/pulse_shift/E[4]                                                                                   |                                                    |                2 |             16 |
|  clk_gen/inst/clk_out2                | UART_Wrapper/Inst_uart_dispatch/buf64[23]_i_1_n_0                                                               |                                                    |                2 |             16 |
|  clk_gen/inst/clk_out2                | UART_Wrapper/Inst_uart_dispatch/buf64[39]_i_1_n_0                                                               |                                                    |                1 |             16 |
|  clk_gen/inst/clk_out2                | UART_Wrapper/Inst_uart_dispatch/buf64[7]_i_1_n_0                                                                |                                                    |                1 |             16 |
|  clk_gen/inst/clk_out2                | UART_Wrapper/Inst_uart_rx/pulse_shift/E[0]                                                                      |                                                    |                1 |             16 |
|  clk_gen/inst/clk_out1                |                                                                                                                 | UART_Wrapper/uart_baudClock_inst/count             |                3 |             22 |
|  clk_gen/inst/clk_out2                | my_Master/HCU_Master/p_5_in                                                                                     | my_Master/HCU_Master/Tlit[11]_i_1_n_0              |                5 |             24 |
|  clk_gen/inst/clk_out2                | UART_Wrapper/Inst_uart_dispatch/master_W                                                                        | my_Master/rst_mem/resetmem                         |                3 |             24 |
|  clk_gen/inst/clk_out2                | my_Master/HCU_Master/PC_ret[11]_i_1_n_0                                                                         |                                                    |                3 |             24 |
|  clk_gen/inst/clk_out2                | my_Master/HCU_Master/p_5_in                                                                                     | my_Master/HCU_Master/Ipcode[10]_i_1_n_0            |                6 |             28 |
|  clk_gen/inst/clk_out1                | My_E190/E[0]                                                                                                    | reset                                              |                3 |             30 |
| ~clk_gen/inst/clk_out2                | my_Master/HCU_Master/q_reg[15]_2[0]                                                                             | reset                                              |                3 |             32 |
| ~clk_gen/inst/clk_out2                | my_Master/HCU_Master/q_reg[15]_1[0]                                                                             | reset                                              |                8 |             32 |
| ~clk_gen/inst/clk_out2                | my_Master/HCU_Master/Inst_returnstack/p_0_in                                                                    |                                                    |                2 |             32 |
|  clk_gen/inst/clk_out2                |                                                                                                                 | reset                                              |               12 |             40 |
|  clk_gen/inst/clk_out2                | my_Master/HCU_Master/PC_adr                                                                                     | reset                                              |               10 |             40 |
|  clk_gen/inst/clk_out1                |                                                                                                                 |                                                    |                8 |             42 |
|  clk_gen/inst/clk_out2                | my_Master/HCU_Master/eqOp                                                                                       |                                                    |               13 |             50 |
| ~clk_gen/inst/clk_out2                | my_Master/HCU_Master/q_reg[31]_13[0]                                                                            |                                                    |               14 |             64 |
| ~clk_gen/inst/clk_out2                | my_Master/HCU_Master/q_reg[31]_12[0]                                                                            |                                                    |               12 |             64 |
| ~clk_gen/inst/clk_out2                | my_Master/HCU_Master/q_reg[31]_11[0]                                                                            |                                                    |                9 |             64 |
| ~clk_gen/inst/clk_out2                | my_Master/HCU_Master/q_reg[31]_10[0]                                                                            |                                                    |               11 |             64 |
|  clk_gen/inst/clk_out2                | my_Master/HCU_Master/we2                                                                                        |                                                    |                8 |             64 |
|  clk_gen/inst/clk_out2                | my_Master/HCU_Master/we3                                                                                        |                                                    |                8 |             64 |
|  clk_gen/inst/clk_out2                | my_Master/HCU_Master/we_0                                                                                       |                                                    |                8 |             64 |
|  clk_gen/inst/clk_out2                |                                                                                                                 | my_Master/HCU_Master/clr                           |                8 |             64 |
| ~clk_gen/inst/clk_out2                | my_Master/HCU_Master/q_reg[31]_14[0]                                                                            |                                                    |               20 |             64 |
| ~clk_gen/inst/clk_out2                | my_Master/HCU_Master/q_reg[31]_7[0]                                                                             |                                                    |               12 |             64 |
|  clk_gen/inst/clk_out2                | my_Master/HCU_Master/E[0]                                                                                       |                                                    |               18 |             64 |
| ~clk_gen/inst/clk_out2                | my_Master/HCU_Master/q_reg[31]_8[0]                                                                             |                                                    |               12 |             64 |
|  clk_gen/inst/clk_out2                | my_Master/HCU_Master/q_reg[0][0]                                                                                |                                                    |               20 |             64 |
| ~clk_gen/inst/clk_out2                | my_Master/HCU_Master/q_reg[31]_9[0]                                                                             |                                                    |               14 |             64 |
|  clk_gen/inst/clk_out2                | my_Master/HCU_Master/we1                                                                                        |                                                    |                8 |             64 |
|  clk_gen/inst/clk_out2                | my_Master/HCU_Master/q_reg[0]_0[0]                                                                              |                                                    |               18 |             64 |
|  clk_gen/inst/clk_out2                | my_Master/HCU_Master/q_reg[0]_1[0]                                                                              |                                                    |               13 |             64 |
|  clk_gen/inst/clk_out2                | my_Master/HCU_Master/p_5_in                                                                                     |                                                    |               14 |             70 |
| ~clk_gen/inst/clk_out2                | my_Master/HCU_Master/push                                                                                       |                                                    |                6 |             96 |
| ~clk_gen/inst/clk_out2                |                                                                                                                 | reset                                              |               32 |            104 |
|  clk_gen/inst/clk_out2                | my_Master/HCU_Master/p_5_in                                                                                     | my_Master/HCU_Master/wr_adr[5]_i_1_n_0             |               49 |            108 |
|  clk_gen/inst/clk_out2                |                                                                                                                 | my_Master/Mfibo.Inst_IPfibo/Inst_fibogen/load      |                8 |            128 |
|  clk_gen/inst/clk_out2                | my_Master/MRAM.Inst_IPRAM/RAM/U0/synth_options.dist_mem_inst/gen_sp_ram.spram_inst/ram_reg_768_1023_0_0_i_1_n_0 |                                                    |               32 |            256 |
|  clk_gen/inst/clk_out2                | my_Master/MRAM.Inst_IPRAM/RAM/U0/synth_options.dist_mem_inst/gen_sp_ram.spram_inst/ram_reg_512_767_0_0_i_1_n_0  |                                                    |               32 |            256 |
|  clk_gen/inst/clk_out2                | my_Master/MRAM.Inst_IPRAM/RAM/U0/synth_options.dist_mem_inst/gen_sp_ram.spram_inst/ram_reg_256_511_0_0_i_1_n_0  |                                                    |               32 |            256 |
|  clk_gen/inst/clk_out2                | my_Master/MRAM.Inst_IPRAM/RAM/U0/synth_options.dist_mem_inst/gen_sp_ram.spram_inst/ram_reg_0_255_0_0_i_1_n_0    |                                                    |               32 |            256 |
|  clk_gen/inst/clk_out2                |                                                                                                                 |                                                    |             1162 |           8258 |
+---------------------------------------+-----------------------------------------------------------------------------------------------------------------+----------------------------------------------------+------------------+----------------+


